#
# An unexpected error has been detected by Java Runtime Environment:
#
#  SIGSEGV (0xb) at pc=0x063966c3, pid=5104, tid=3084995472
#
# Java VM: Java HotSpot(TM) Server VM (11.2-b01 mixed mode linux-x86)
# Problematic frame:
# V  [libjvm.so+0x3966c3]
#
# If you would like to submit a bug report, please visit:
#   http://java.sun.com/webapps/bugreport/crash.jsp
#

---------------  T H R E A D  ---------------

Current thread (0x08999800):  JavaThread "main" [_thread_in_vm, id=5109, stack(0xb7dc4000,0xb7e15000)]

siginfo:si_signo=SIGSEGV: si_errno=0, si_code=1 (SEGV_MAPERR), si_addr=0x00000000

Registers:
EAX=0x00000000, EBX=0x089981f8, ECX=0x000b7e13, EDX=0x08999800
ESP=0xb7e13e74, EBP=0xb7e13ed8, ESI=0x00000ffc, EDI=0x08999c30
EIP=0x063966c3, CR2=0x00000000, EFLAGS=0x00210296

Top of Stack: (sp=0xb7e13e74)
0xb7e13e74:   0899a054 00000000 00000000 089981f8
0xb7e13e84:   08999c30 08999c38 0899a024 08999800
0xb7e13e94:   00000000 7cd294f0 00000001 08999800
0xb7e13ea4:   fffffffe b4d41608 b7e13ebc 08999800
0xb7e13eb4:   7dcb06b0 08999800 b7e13f0c 06372d7d
0xb7e13ec4:   0899a03c b7e13edf 7cd70ff4 7dcb06ac
0xb7e13ed4:   08999800 b7e13f18 7cd29524 08999914
0xb7e13ee4:   00000000 00000000 0899a064 0899a064 

Instructions: (pc=0x063966c3)
0x063966b3:   ac 8b 43 08 89 45 b0 8b 43 0c 89 45 b4 8b 45 0c
0x063966c3:   8b 00 50 e8 35 02 fe ff 83 ec 0c 89 c6 50 e8 72 

Stack: [0xb7dc4000,0xb7e15000],  sp=0xb7e13e74,  free space=319k
Native frames: (J=compiled Java code, j=interpreted, Vv=VM code, C=native code)
V  [libjvm.so+0x3966c3]
C  [libgtkjni-4.0.11.so+0x9f524]  Java_org_gnome_glib_GValue_g_1value_1init__Ljava_lang_String_2+0x34
j  org.gnome.glib.GValue.g_value_init(Ljava/lang/String;)J+0
j  org.gnome.glib.GValue.createValue(Ljava/lang/String;)J+1
j  org.gnome.glib.Value.<init>(Ljava/lang/String;)V+2
j  org.gnome.glib.Object.setPropertyString(Ljava/lang/String;Ljava/lang/String;)V+7
j  org.gnome.gtk.MessageDialog.<init>(Lorg/gnome/gtk/Window;ZLorg/gnome/gtk/MessageType;Lorg/gnome/gtk/ButtonsType;Ljava/lang/String;)V+30
j  org.audiolord.AudioLord.main([Ljava/lang/String;)V+74
v  ~StubRoutines::call_stub
V  [libjvm.so+0x375c9d]
V  [libjvm.so+0x5057f8]
V  [libjvm.so+0x375b30]
V  [libjvm.so+0x39f2e6]
V  [libjvm.so+0x390ae8]
C  [java+0x1b98]  JavaMain+0x2c8
C  [libpthread.so.0+0x64ff]

Java frames: (J=compiled Java code, j=interpreted, Vv=VM code)
j  org.gnome.glib.GValue.g_value_init(Ljava/lang/String;)J+0
j  org.gnome.glib.GValue.createValue(Ljava/lang/String;)J+1
j  org.gnome.glib.Value.<init>(Ljava/lang/String;)V+2
j  org.gnome.glib.Object.setPropertyString(Ljava/lang/String;Ljava/lang/String;)V+7
j  org.gnome.gtk.MessageDialog.<init>(Lorg/gnome/gtk/Window;ZLorg/gnome/gtk/MessageType;Lorg/gnome/gtk/ButtonsType;Ljava/lang/String;)V+30
j  org.audiolord.AudioLord.main([Ljava/lang/String;)V+74
v  ~StubRoutines::call_stub

---------------  P R O C E S S  ---------------

Java Threads: ( => current thread )
  0x7d016800 JavaThread "Low Memory Detector" daemon [_thread_blocked, id=5118, stack(0x7ce1d000,0x7ce6e000)]
  0x7d014c00 JavaThread "CompilerThread1" daemon [_thread_blocked, id=5117, stack(0x7ce6e000,0x7ceef000)]
  0x7d013000 JavaThread "CompilerThread0" daemon [_thread_blocked, id=5116, stack(0x7ceef000,0x7cf70000)]
  0x7d011800 JavaThread "Signal Dispatcher" daemon [_thread_blocked, id=5115, stack(0x7cf70000,0x7cfc1000)]
  0x7d000800 JavaThread "Finalizer" daemon [_thread_blocked, id=5114, stack(0x7d13e000,0x7d18f000)]
  0x08a1e000 JavaThread "Reference Handler" daemon [_thread_blocked, id=5113, stack(0x7d18f000,0x7d1e0000)]
=>0x08999800 JavaThread "main" [_thread_in_vm, id=5109, stack(0xb7dc4000,0xb7e15000)]

Other Threads:
  0x08a1a800 VMThread [stack: 0x7d1e0000,0x7d261000] [id=5112]
  0x7d018800 WatcherThread [stack: 0x7cd9c000,0x7ce1d000] [id=5119]

VM state:not at safepoint (normal execution)

VM Mutex/Monitor currently owned by a thread: None

Heap
 PSYoungGen      total 5120K, used 3342K [0xaf160000, 0xaf710000, 0xb4c70000)
  eden space 4416K, 66% used [0xaf160000,0xaf443ad0,0xaf5b0000)
  from space 704K, 54% used [0xaf660000,0xaf6c0060,0xaf710000)
  to   space 704K, 0% used [0xaf5b0000,0xaf5b0000,0xaf660000)
 PSOldGen        total 46592K, used 0K [0x81870000, 0x845f0000, 0xaf160000)
  object space 46592K, 0% used [0x81870000,0x81870000,0x845f0000)
 PSPermGen       total 16384K, used 4934K [0x7d870000, 0x7e870000, 0x81870000)
  object space 16384K, 30% used [0x7d870000,0x7dd418e8,0x7e870000)

Dynamic libraries:
06000000-06676000 r-xp 00000000 08:01 2703587    /home/jacek/Dev/Java/JDK/jdk1.6.0_12/jre/lib/i386/server/libjvm.so
06676000-066bb000 rwxp 00675000 08:01 2703587    /home/jacek/Dev/Java/JDK/jdk1.6.0_12/jre/lib/i386/server/libjvm.so
066bb000-06add000 rwxp 066bb000 00:00 0 
08048000-08052000 r-xp 00000000 08:01 2719896    /home/jacek/Dev/Java/JDK/jdk1.6.0_12/bin/java
08052000-08053000 rwxp 00009000 08:01 2719896    /home/jacek/Dev/Java/JDK/jdk1.6.0_12/bin/java
08993000-08e11000 rwxp 08993000 00:00 0          [heap]
7a500000-7a529000 rwxp 7a500000 00:00 0 
7a529000-7a600000 ---p 7a529000 00:00 0 
7a666000-7a6fe000 r-xp 00000000 08:01 929052     /usr/share/fonts/truetype/ttf-dejavu/DejaVuSans.ttf
7a6fe000-7a6ff000 ---p 7a6fe000 00:00 0 
7a6ff000-7aeff000 rwxp 7a6ff000 00:00 0 
7aeff000-7af00000 ---p 7aeff000 00:00 0 
7af00000-7b700000 rwxp 7af00000 00:00 0 
7b700000-7b7fd000 rwxp 7b700000 00:00 0 
7b7fd000-7b800000 ---p 7b7fd000 00:00 0 
7b819000-7b81d000 r-xp 00000000 08:01 1695755    /usr/lib/gtk-2.0/2.10.0/loaders/libpixbufloader-png.so
7b81d000-7b81e000 r-xp 00003000 08:01 1695755    /usr/lib/gtk-2.0/2.10.0/loaders/libpixbufloader-png.so
7b81e000-7b81f000 rwxp 00004000 08:01 1695755    /usr/lib/gtk-2.0/2.10.0/loaders/libpixbufloader-png.so
7b81f000-7b837000 r-xs 00000000 08:01 794811     /usr/share/mime/mime.cache
7b837000-7b838000 r-xs 00000000 08:01 2154531    /usr/local/share/mime/mime.cache
7b838000-7b839000 r-xs 00000000 08:01 2777256    /home/jacek/.local/share/mime/mime.cache
7b839000-7bc00000 r-xp 00000000 08:01 933986     /usr/share/icons/hicolor/icon-theme.cache
7bc00000-7bd00000 rwxp 7bc00000 00:00 0 
7bd57000-7bd5a000 r-xs 000cb000 08:01 2703671    /home/jacek/Dev/Java/JDK/jdk1.6.0_12/jre/lib/ext/localedata.jar
7bd5a000-7bd5c000 r-xp 00000000 08:01 3448863    /usr/lib/pango/1.6.0/modules/pango-basic-fc.so
7bd5c000-7bd5d000 r-xp 00001000 08:01 3448863    /usr/lib/pango/1.6.0/modules/pango-basic-fc.so
7bd5d000-7bd5e000 rwxp 00002000 08:01 3448863    /usr/lib/pango/1.6.0/modules/pango-basic-fc.so
7bd5e000-7bd64000 r-xs 00000000 08:01 551206     /var/cache/fontconfig/945677eb7aeaf62f1d50efc3fb3ec7d8-x86.cache-2
7bd64000-7bd66000 r-xs 00000000 08:01 552094     /var/cache/fontconfig/99e8ed0e538f840c565b6ed5dad60d56-x86.cache-2
7bd66000-7bd6b000 r-xs 00000000 08:01 552498     /var/cache/fontconfig/e25ca923d7a08ab6b0777bd7eb77ea77-x86.cache-2
7bd6b000-7bd6e000 r-xs 00000000 08:01 552093     /var/cache/fontconfig/e383d7ea5fbe662a33d9b44caf393297-x86.cache-2
7bd6e000-7bd6f000 r-xs 00000000 08:01 552092     /var/cache/fontconfig/fd9505950c048a77dc4b710eb6a628ed-x86.cache-2
7bd6f000-7bd70000 r-xs 00000000 08:01 552091     /var/cache/fontconfig/a2ab74764b07279e7c36ddb1d302cf26-x86.cache-2
7bd70000-7bd73000 r-xs 00000000 08:01 551944     /var/cache/fontconfig/6eb3985aa4124903f6ff08ba781cd364-x86.cache-2
7bd73000-7bd74000 r-xs 00000000 08:01 552089     /var/cache/fontconfig/4c73fe0c47614734b17d736dbde7580a-x86.cache-2
7bd74000-7bd76000 r-xs 00000000 08:01 552088     /var/cache/fontconfig/646addb8444faa74ee138aa00ab0b6a0-x86.cache-2
7bd76000-7bd79000 r-xs 00000000 08:01 552087     /var/cache/fontconfig/a755afe4a08bf5b97852ceb7400b47bc-x86.cache-2
7bd79000-7bd80000 r-xs 00000000 08:01 552086     /var/cache/fontconfig/6d41288fd70b0be22e8c3a91e032eec0-x86.cache-2
7bd80000-7bd83000 r-xs 00000000 08:01 552085     /var/cache/fontconfig/de156ccd2eddbdc19d37a45b8b2aac9c-x86.cache-2
7bd83000-7bd8b000 r-xs 00000000 08:01 552080     /var/cache/fontconfig/e3de0de479f42330eadf588a55fb5bf4-x86.cache-2
7bd8b000-7bd96000 r-xs 00000000 08:01 552079     /var/cache/fontconfig/0f34bcd4b6ee430af32735b75db7f02b-x86.cache-2
7bd96000-7bdb8000 r-xs 00000000 08:01 552076     /var/cache/fontconfig/365b55f210c0a22e9a19e35191240f32-x86.cache-2
7bdb8000-7bdbb000 r-xs 00000000 08:01 551883     /var/cache/fontconfig/de9486f0b47a4d768a594cb4198cb1c6-x86.cache-2
7bdbb000-7bdc2000 r-xs 00000000 08:01 552074     /var/cache/fontconfig/d52a8644073d54c13679302ca1180695-x86.cache-2
7bdc2000-7bdde000 r-xp 00000000 08:01 706796     /usr/lib/libdbus-glib-1.so.2.1.0
7bdde000-7bddf000 r-xp 0001b000 08:01 706796     /usr/lib/libdbus-glib-1.so.2.1.0
7bddf000-7bde0000 rwxp 0001c000 08:01 706796     /usr/lib/libdbus-glib-1.so.2.1.0
7bde0000-7bde9000 r-xp 00000000 08:01 706914     /usr/lib/libtrackerclient.so.0.0.0
7bde9000-7bdea000 r-xp 00008000 08:01 706914     /usr/lib/libtrackerclient.so.0.0.0
7bdea000-7bdeb000 rwxp 00009000 08:01 706914     /usr/lib/libtrackerclient.so.0.0.0
7bdeb000-7bdfa000 r-xp 00000000 08:01 729559     /usr/lib/gio/modules/libgioremote-volume-monitor.so
7bdfa000-7bdfb000 r-xp 0000e000 08:01 729559     /usr/lib/gio/modules/libgioremote-volume-monitor.so
7bdfb000-7bdfc000 rwxp 0000f000 08:01 729559     /usr/lib/gio/modules/libgioremote-volume-monitor.so
7bdfc000-7be32000 r-xp 00000000 08:01 4022383    /lib/libdbus-1.so.3.4.0
7be32000-7be33000 r-xp 00035000 08:01 4022383    /lib/libdbus-1.so.3.4.0
7be33000-7be34000 rwxp 00036000 08:01 4022383    /lib/libdbus-1.so.3.4.0
7be34000-7be46000 r-xp 00000000 08:01 705006     /usr/lib/libgvfscommon.so.0.0.0
7be46000-7be47000 r-xp 00012000 08:01 705006     /usr/lib/libgvfscommon.so.0.0.0
7be47000-7be48000 rwxp 00013000 08:01 705006     /usr/lib/libgvfscommon.so.0.0.0
7be48000-7be62000 r-xp 00000000 08:01 729687     /usr/lib/gio/modules/libgvfsdbus.so
7be62000-7be63000 r-xp 00019000 08:01 729687     /usr/lib/gio/modules/libgvfsdbus.so
7be63000-7be64000 rwxp 0001a000 08:01 729687     /usr/lib/gio/modules/libgvfsdbus.so
7be64000-7be84000 r-xp 00000000 08:01 729476     /usr/lib/gtk-2.0/2.10.0/engines/libmurrine.so
7be84000-7be85000 r-xp 00020000 08:01 729476     /usr/lib/gtk-2.0/2.10.0/engines/libmurrine.so
7be85000-7be86000 rwxp 00021000 08:01 729476     /usr/lib/gtk-2.0/2.10.0/engines/libmurrine.so
7be86000-7be8d000 r-xp 00000000 08:01 705001     /usr/lib/libltdl.so.7.2.0
7be8d000-7be8e000 r-xp 00006000 08:01 705001     /usr/lib/libltdl.so.7.2.0
7be8e000-7be8f000 rwxp 00007000 08:01 705001     /usr/lib/libltdl.so.7.2.0
7be8f000-7be9b000 r-xp 00000000 08:01 704629     /usr/lib/libtdb.so.1.1.3
7be9b000-7be9c000 r-xp 0000b000 08:01 704629     /usr/lib/libtdb.so.1.1.3
7be9c000-7be9d000 rwxp 0000c000 08:01 704629     /usr/lib/libtdb.so.1.1.3
7be9d000-7bea1000 r-xp 00000000 08:01 707849     /usr/lib/libogg.so.0.5.3
7bea1000-7bea2000 r-xp 00003000 08:01 707849     /usr/lib/libogg.so.0.5.3
7bea2000-7bea3000 rwxp 00004000 08:01 707849     /usr/lib/libogg.so.0.5.3
7bea3000-7bebe000 r-xp 00000000 08:01 708067     /usr/lib/libvorbis.so.0.4.0
7bebe000-7bebf000 r-xp 0001a000 08:01 708067     /usr/lib/libvorbis.so.0.4.0
7bebf000-7becd000 rwxp 0001b000 08:01 708067     /usr/lib/libvorbis.so.0.4.0
7becd000-7bed4000 r-xp 00000000 08:01 708071     /usr/lib/libvorbisfile.so.3.2.0
7bed4000-7bed5000 r-xp 00006000 08:01 708071     /usr/lib/libvorbisfile.so.3.2.0
7bed5000-7bed6000 rwxp 00007000 08:01 708071     /usr/lib/libvorbisfile.so.3.2.0
7bed6000-7bee3000 r-xp 00000000 08:01 705922     /usr/lib/libcanberra.so.0.1.4
7bee3000-7bee4000 r-xp 0000d000 08:01 705922     /usr/lib/libcanberra.so.0.1.4
7bee4000-7bee5000 rwxp 0000e000 08:01 705922     /usr/lib/libcanberra.so.0.1.4
7bee5000-7bee8000 r-xp 00000000 08:01 706074     /usr/lib/libcanberra-gtk.so.0.0.4
7bee8000-7bee9000 r-xp 00002000 08:01 706074     /usr/lib/libcanberra-gtk.so.0.0.4
7bee9000-7beea000 rwxp 00003000 08:01 706074     /usr/lib/libcanberra-gtk.so.0.0.4
7beea000-7beec000 r-xs 00000000 08:01 552083     /var/cache/fontconfig/da1bd5ca8443ffe22927a23ce431d198-x86.cache-2
7beec000-7beee000 r-xs 00000000 08:01 553399     /var/cache/fontconfig/ddd4086aec35a5275babba44bb759c3c-x86.cache-2
7beee000-7beef000 r-xs 00000000 08:01 552077     /var/cache/fontconfig/4794a0821666d79190d59a36cb4f44b5-x86.cache-2
7beef000-7bef5000 r-xs 00000000 08:01 552073     /var/cache/fontconfig/089dead882dea3570ffc31a9898cfb69-x86.cache-2
7bef5000-7befc000 r-xs 00000000 08:01 549359     /var/cache/fontconfig/e13b20fdb08344e0e664864cc2ede53d-x86.cache-2
7befc000-7beff000 r-xs 00000000 08:01 552499     /var/cache/fontconfig/7ef2298fde41cc6eeb7af42e48b7d293-x86.cache-2
7beff000-7bf00000 r-xp 00000000 08:01 557324     /usr/share/locale-langpack/en_CA/LC_MESSAGES/atk10.mo
7bf00000-7c000000 rwxp 7bf00000 00:00 0 
7c000000-7c0eb000 r-xp 00000000 08:01 729707     /usr/lib/locale/en_CA.utf8/LC_COLLATE
7c0eb000-7c0ef000 r-xp 00000000 08:01 707174     /usr/lib/libXdmcp.so.6.0.0
7c0ef000-7c0f0000 rwxp 00003000 08:01 707174     /usr/lib/libXdmcp.so.6.0.0
7c0f0000-7c0f2000 r-xp 00000000 08:01 706881     /usr/lib/libXau.so.6.0.0
7c0f2000-7c0f3000 r-xp 00001000 08:01 706881     /usr/lib/libXau.so.6.0.0
7c0f3000-7c0f4000 rwxp 00002000 08:01 706881     /usr/lib/libXau.so.6.0.0
7c0f4000-7c118000 r-xp 00000000 08:01 707416     /usr/lib/libexpat.so.1.5.2
7c118000-7c11a000 r-xp 00023000 08:01 707416     /usr/lib/libexpat.so.1.5.2
7c11a000-7c11b000 rwxp 00025000 08:01 707416     /usr/lib/libexpat.so.1.5.2
7c11b000-7c133000 r-xp 00000000 08:01 3875016    /usr/lib/libxcb.so.1.1.0
7c133000-7c134000 r-xp 00017000 08:01 3875016    /usr/lib/libxcb.so.1.1.0
7c134000-7c135000 rwxp 00018000 08:01 3875016    /usr/lib/libxcb.so.1.1.0
7c135000-7c13b000 r-xp 00000000 08:01 706220     /usr/lib/libxcb-render.so.0.0.0
7c13b000-7c13c000 r-xp 00005000 08:01 706220     /usr/lib/libxcb-render.so.0.0.0
7c13c000-7c13d000 rwxp 00006000 08:01 706220     /usr/lib/libxcb-render.so.0.0.0
7c13d000-7c140000 r-xp 00000000 08:01 706353     /usr/lib/libxcb-render-util.so.0.0.0
7c140000-7c141000 r-xp 00002000 08:01 706353     /usr/lib/libxcb-render-util.so.0.0.0
7c141000-7c142000 rwxp 00003000 08:01 706353     /usr/lib/libxcb-render-util.so.0.0.0
7c142000-7c166000 r-xp 00000000 08:01 704792     /usr/lib/libpng12.so.0.27.0
7c166000-7c167000 r-xp 00023000 08:01 704792     /usr/lib/libpng12.so.0.27.0
7c167000-7c168000 rwxp 00024000 08:01 704792     /usr/lib/libpng12.so.0.27.0
7c168000-7c17b000 r-xp 00000000 08:01 706663     /usr/lib/libdirect-1.0.so.0.1.0
7c17b000-7c17c000 r-xp 00012000 08:01 706663     /usr/lib/libdirect-1.0.so.0.1.0
7c17c000-7c17d000 rwxp 00013000 08:01 706663     /usr/lib/libdirect-1.0.so.0.1.0
7c17d000-7c184000 r-xp 00000000 08:01 706769     /usr/lib/libfusion-1.0.so.0.1.0
7c184000-7c185000 r-xp 00006000 08:01 706769     /usr/lib/libfusion-1.0.so.0.1.0
7c185000-7c186000 rwxp 00007000 08:01 706769     /usr/lib/libfusion-1.0.so.0.1.0
7c186000-7c1ea000 r-xp 00000000 08:01 706763     /usr/lib/libdirectfb-1.0.so.0.1.0
7c1ea000-7c1eb000 r-xp 00063000 08:01 706763     /usr/lib/libdirectfb-1.0.so.0.1.0
7c1eb000-7c1ec000 rwxp 00064000 08:01 706763     /usr/lib/libdirectfb-1.0.so.0.1.0
7c1ec000-7c22c000 r-xp 00000000 08:01 706216     /usr/lib/libpixman-1.so.0.13.2
7c22c000-7c22e000 r-xp 0003f000 08:01 706216     /usr/lib/libpixman-1.so.0.13.2
7c22e000-7c22f000 rwxp 00041000 08:01 706216     /usr/lib/libpixman-1.so.0.13.2
7c22f000-7c247000 r-xp 00000000 08:01 4022289    /lib/libselinux.so.1
7c247000-7c248000 r-xp 00017000 08:01 4022289    /lib/libselinux.so.1
7c248000-7c249000 rwxp 00018000 08:01 4022289    /lib/libselinux.so.1
7c249000-7c25d000 r-xp 00000000 08:01 4022814    /lib/libz.so.1.2.3.3
7c25d000-7c25e000 r-xp 00013000 08:01 4022814    /lib/libz.so.1.2.3.3
7c25e000-7c25f000 rwxp 00014000 08:01 4022814    /lib/libz.so.1.2.3.3
7c25f000-7c263000 r-xp 00000000 08:01 707180     /usr/lib/libXfixes.so.3.1.0
7c263000-7c264000 rwxp 00003000 08:01 707180     /usr/lib/libXfixes.so.3.1.0
7c264000-7c266000 r-xp 00000000 08:01 707172     /usr/lib/libXdamage.so.1.1.0
7c266000-7c267000 rwxp 00001000 08:01 707172     /usr/lib/libXdamage.so.1.1.0
7c267000-7c269000 r-xp 00000000 08:01 707168     /usr/lib/libXcomposite.so.1.0.0
7c269000-7c26a000 r-xp 00001000 08:01 707168     /usr/lib/libXcomposite.so.1.0.0
7c26a000-7c26b000 rwxp 00002000 08:01 707168     /usr/lib/libXcomposite.so.1.0.0
7c26b000-7c355000 r-xp 00000000 08:01 707142     /usr/lib/libX11.so.6.2.0
7c355000-7c356000 ---p 000ea000 08:01 707142     /usr/lib/libX11.so.6.2.0
7c356000-7c357000 r-xp 000ea000 08:01 707142     /usr/lib/libX11.so.6.2.0
7c357000-7c359000 rwxp 000eb000 08:01 707142     /usr/lib/libX11.so.6.2.0
7c359000-7c35a000 rwxp 7c359000 00:00 0 
7c35a000-7c362000 r-xp 00000000 08:01 707170     /usr/lib/libXcursor.so.1.0.2
7c362000-7c363000 rwxp 00007000 08:01 707170     /usr/lib/libXcursor.so.1.0.2
7c363000-7c369000 r-xp 00000000 08:01 707622     /usr/lib/libXrandr.so.2.2.0
7c369000-7c36a000 r-xp 00006000 08:01 707622     /usr/lib/libXrandr.so.2.2.0
7c36a000-7c36b000 rwxp 00007000 08:01 707622     /usr/lib/libXrandr.so.2.2.0
7c36b000-7c373000 r-xp 00000000 08:01 707619     /usr/lib/libXi.so.6.0.0
7c373000-7c374000 r-xp 00007000 08:01 707619     /usr/lib/libXi.so.6.0.0
7c374000-7c375000 rwxp 00008000 08:01 707619     /usr/lib/libXi.so.6.0.0
7c375000-7c377000 r-xp 00000000 08:01 707188     /usr/lib/libXinerama.so.1.0.0
7c377000-7c378000 rwxp 00001000 08:01 707188     /usr/lib/libXinerama.so.1.0.0
7c378000-7c380000 r-xp 00000000 08:01 707200     /usr/lib/libXrender.so.1.3.0
7c380000-7c381000 r-xp 00007000 08:01 707200     /usr/lib/libXrender.so.1.3.0
7c381000-7c382000 rwxp 00008000 08:01 707200     /usr/lib/libXrender.so.1.3.0
7c382000-7c390000 r-xp 00000000 08:01 704631     /usr/lib/libXext.so.6.4.0
7c390000-7c391000 r-xp 0000d000 08:01 704631     /usr/lib/libXext.so.6.4.0
7c391000-7c392000 rwxp 0000e000 08:01 704631     /usr/lib/libXext.so.6.4.0
7c392000-7c3c2000 r-xp 00000000 08:01 4022858    /lib/libpcre.so.3.12.1
7c3c2000-7c3c3000 r-xp 0002f000 08:01 4022858    /lib/libpcre.so.3.12.1
7c3c3000-7c3c4000 rwxp 00030000 08:01 4022858    /lib/libpcre.so.3.12.1
7c3c4000-7c47a000 r-xp 00000000 08:01 706515     /usr/lib/libglib-2.0.so.0.2000.1
7c47a000-7c47b000 r-xp 000b5000 08:01 706515     /usr/lib/libglib-2.0.so.0.2000.1
7c47b000-7c47c000 rwxp 000b6000 08:01 706515     /usr/lib/libglib-2.0.so.0.2000.1
7c47c000-7c47f000 r-xp 00000000 08:01 706516     /usr/lib/libgmodule-2.0.so.0.2000.1
7c47f000-7c480000 r-xp 00002000 08:01 706516     /usr/lib/libgmodule-2.0.so.0.2000.1
7c480000-7c481000 rwxp 00003000 08:01 706516     /usr/lib/libgmodule-2.0.so.0.2000.1
7c481000-7c4bd000 r-xp 00000000 08:01 706517     /usr/lib/libgobject-2.0.so.0.2000.1
7c4bd000-7c4be000 r-xp 0003b000 08:01 706517     /usr/lib/libgobject-2.0.so.0.2000.1
7c4be000-7c4bf000 rwxp 0003c000 08:01 706517     /usr/lib/libgobject-2.0.so.0.2000.1
7c4bf000-7c4ea000 r-xp 00000000 08:01 705418     /usr/lib/libfontconfig.so.1.3.0
7c4ea000-7c4eb000 r-xp 0002a000 08:01 705418     /usr/lib/libfontconfig.so.1.3.0
7c4eb000-7c4ec000 rwxp 0002b000 08:01 705418     /usr/lib/libfontconfig.so.1.3.0
7c4ec000-7c55e000 r-xp 00000000 08:01 704537     /usr/lib/libfreetype.so.6.3.20
7c55e000-7c562000 r-xp 00071000 08:01 704537     /usr/lib/libfreetype.so.6.3.20
7c562000-7c563000 rwxp 00075000 08:01 704537     /usr/lib/libfreetype.so.6.3.20
7c563000-7c5a3000 r-xp 00000000 08:01 707586     /usr/lib/libpango-1.0.so.0.2400.1
7c5a3000-7c5a4000 ---p 00040000 08:01 707586     /usr/lib/libpango-1.0.so.0.2400.1
7c5a4000-7c5a5000 r-xp 00040000 08:01 707586     /usr/lib/libpango-1.0.so.0.2400.1
7c5a5000-7c5a6000 rwxp 00041000 08:01 707586     /usr/lib/libpango-1.0.so.0.2400.1
7c5a6000-7c61d000 r-xp 00000000 08:01 706358     /usr/lib/libcairo.so.2.10800.6
7c61d000-7c61f000 r-xp 00076000 08:01 706358     /usr/lib/libcairo.so.2.10800.6
7c61f000-7c620000 rwxp 00078000 08:01 706358     /usr/lib/libcairo.so.2.10800.6
7c620000-7c68b000 r-xp 00000000 08:01 705731     /usr/lib/libgio-2.0.so.0.2000.1
7c68b000-7c68c000 ---p 0006b000 08:01 705731     /usr/lib/libgio-2.0.so.0.2000.1
7c68c000-7c68d000 r-xp 0006b000 08:01 705731     /usr/lib/libgio-2.0.so.0.2000.1
7c68d000-7c68e000 rwxp 0006c000 08:01 705731     /usr/lib/libgio-2.0.so.0.2000.1
7c68e000-7c698000 r-xp 00000000 08:01 707588     /usr/lib/libpangocairo-1.0.so.0.2400.1
7c698000-7c699000 r-xp 00009000 08:01 707588     /usr/lib/libpangocairo-1.0.so.0.2400.1
7c699000-7c69a000 rwxp 0000a000 08:01 707588     /usr/lib/libpangocairo-1.0.so.0.2400.1
7c69a000-7c6b2000 r-xp 00000000 08:01 707709     /usr/lib/libgdk_pixbuf-2.0.so.0.1600.1
7c6b2000-7c6b3000 r-xp 00017000 08:01 707709     /usr/lib/libgdk_pixbuf-2.0.so.0.1600.1
7c6b3000-7c6b4000 rwxp 00018000 08:01 707709     /usr/lib/libgdk_pixbuf-2.0.so.0.1600.1
7c6b4000-7c6db000 r-xp 00000000 08:01 707590     /usr/lib/libpangoft2-1.0.so.0.2400.1
7c6db000-7c6dc000 r-xp 00026000 08:01 707590     /usr/lib/libpangoft2-1.0.so.0.2400.1
7c6dc000-7c6dd000 rwxp 00027000 08:01 707590     /usr/lib/libpangoft2-1.0.so.0.2400.1
7c6dd000-7c6f6000 r-xp 00000000 08:01 706794     /usr/lib/libatk-1.0.so.0.2609.1
7c6f6000-7c6f7000 r-xp 00019000 08:01 706794     /usr/lib/libatk-1.0.so.0.2609.1
7c6f7000-7c6f8000 rwxp 0001a000 08:01 706794     /usr/lib/libatk-1.0.so.0.2609.1
7c6f8000-7c781000 r-xp 00000000 08:01 707698     /usr/lib/libgdk-x11-2.0.so.0.1600.1
7c781000-7c782000 ---p 00089000 08:01 707698     /usr/lib/libgdk-x11-2.0.so.0.1600.1
7c782000-7c784000 r-xp 00089000 08:01 707698     /usr/lib/libgdk-x11-2.0.so.0.1600.1
7c784000-7c785000 rwxp 0008b000 08:01 707698     /usr/lib/libgdk-x11-2.0.so.0.1600.1
7c785000-7c8ba000 r-xp 00000000 08:01 3875394    /usr/lib/libxml2.so.2.6.32
7c8ba000-7c8bb000 ---p 00135000 08:01 3875394    /usr/lib/libxml2.so.2.6.32
7c8bb000-7c8bf000 r-xp 00135000 08:01 3875394    /usr/lib/libxml2.so.2.6.32
7c8bf000-7c8c0000 rwxp 00139000 08:01 3875394    /usr/lib/libxml2.so.2.6.32
7c8c0000-7c8c1000 rwxp 7c8c0000 00:00 0 
7c8c1000-7cc6a000 r-xp 00000000 08:01 707696     /usr/lib/libgtk-x11-2.0.so.0.1600.1
7cc6a000-7cc6e000 r-xp 003a8000 08:01 707696     /usr/lib/libgtk-x11-2.0.so.0.1600.1
7cc6e000-7cc70000 rwxp 003ac000 08:01 707696     /usr/lib/libgtk-x11-2.0.so.0.1600.1
7cc70000-7cc72000 rwxp 7cc70000 00:00 0 
7cc72000-7cc88000 r-xp 00000000 08:01 708287     /usr/lib/libglade-2.0.so.0.0.7
7cc88000-7cc89000 r-xp 00015000 08:01 708287     /usr/lib/libglade-2.0.so.0.0.7
7cc89000-7cc8a000 rwxp 00016000 08:01 708287     /usr/lib/libglade-2.0.so.0.0.7
7cc8a000-7cd70000 r-xp 00000000 08:11 15716      /media/My Passport/Jacek/Dev/javabuilders/org.javabuilders.gtk/lib/libgtkjni-4.0.11.so
7cd70000-7cd71000 r-xp 000e5000 08:11 15716      /media/My Passport/Jacek/Dev/javabuilders/org.javabuilders.gtk/lib/libgtkjni-4.0.11.so
7cd71000-7cd75000 rwxp 000e6000 08:11 15716      /media/My Passport/Jacek/Dev/javabuilders/org.javabuilders.gtk/lib/libgtkjni-4.0.11.so
7cd75000-7cd9c000 r-xs 00122000 08:11 15693      /media/My Passport/Jacek/Dev/javabuilders/org.javabuilders.gtk/lib/gtk-4.0.jar
7cd9c000-7cd9d000 ---p 7cd9c000 00:00 0 
7cd9d000-7ce1d000 rwxp 7cd9d000 00:00 0 
7ce1d000-7ce20000 ---p 7ce1d000 00:00 0 
7ce20000-7ce6e000 rwxp 7ce20000 00:00 0 
7ce6e000-7ce71000 ---p 7ce6e000 00:00 0 
7ce71000-7ceef000 rwxp 7ce71000 00:00 0 
7ceef000-7cef2000 ---p 7ceef000 00:00 0 
7cef2000-7cf70000 rwxp 7cef2000 00:00 0 
7cf70000-7cf73000 ---p 7cf70000 00:00 0 
7cf73000-7cfc1000 rwxp 7cf73000 00:00 0 
7cfc1000-7d000000 r-xp 00000000 08:01 729539     /usr/lib/locale/en_CA.utf8/LC_CTYPE
7d000000-7d0ff000 rwxp 7d000000 00:00 0 
7d0ff000-7d100000 ---p 7d0ff000 00:00 0 
7d100000-7d104000 r-xp 00000000 08:01 706518     /usr/lib/libgthread-2.0.so.0.2000.1
7d104000-7d105000 r-xp 00003000 08:01 706518     /usr/lib/libgthread-2.0.so.0.2000.1
7d105000-7d106000 rwxp 00004000 08:01 706518     /usr/lib/libgthread-2.0.so.0.2000.1
7d106000-7d107000 r-xp 00000000 08:01 980266     /usr/share/locale-langpack/en_CA/LC_MESSAGES/glib20.mo
7d107000-7d10b000 r-xp 00000000 08:01 1657374    /usr/lib/gtk-2.0/modules/libcanberra-gtk-module.so
7d10b000-7d10c000 r-xp 00003000 08:01 1657374    /usr/lib/gtk-2.0/modules/libcanberra-gtk-module.so
7d10c000-7d10d000 rwxp 00004000 08:01 1657374    /usr/lib/gtk-2.0/modules/libcanberra-gtk-module.so
7d10d000-7d110000 r-xp 00000000 08:01 557296     /usr/share/locale-langpack/en_CA/LC_MESSAGES/gtk20-properties.mo
7d110000-7d112000 r-xp 00000000 08:01 980282     /usr/share/locale-langpack/en_CA/LC_MESSAGES/gtk20.mo
7d112000-7d113000 r-xp 00000000 08:01 731024     /usr/lib/locale/en_CA.utf8/LC_NUMERIC
7d113000-7d114000 r-xp 00000000 08:01 729705     /usr/lib/locale/en_CA.utf8/LC_TIME
7d114000-7d115000 r-xp 00000000 08:01 729709     /usr/lib/locale/en_CA.utf8/LC_MONETARY
7d115000-7d116000 r-xp 00000000 08:01 729711     /usr/lib/locale/en_CA.utf8/LC_MESSAGES/SYS_LC_MESSAGES
7d116000-7d117000 r-xp 00000000 08:01 731345     /usr/lib/locale/en_CA.utf8/LC_PAPER
7d117000-7d118000 r-xp 00000000 08:01 731075     /usr/lib/locale/en_CA.utf8/LC_NAME
7d118000-7d119000 r-xp 00000000 08:01 729713     /usr/lib/locale/en_CA.utf8/LC_ADDRESS
7d119000-7d11a000 r-xp 00000000 08:01 729719     /usr/lib/locale/en_CA.utf8/LC_TELEPHONE
7d11a000-7d11b000 r-xp 00000000 08:01 731021     /usr/lib/locale/en_CA.utf8/LC_MEASUREMENT
7d11b000-7d11c000 r-xp 00000000 08:01 729721     /usr/lib/locale/en_CA.utf8/LC_IDENTIFICATION
7d11c000-7d11f000 r-xs 00129000 08:11 1341       /media/My Passport/Jacek/Dev/javabuilders/AudioLord/lib/sqlitejdbc-v054-pure.jar
7d11f000-7d121000 r-xs 00001000 08:11 147824     /media/My Passport/Jacek/Dev/javabuilders/AudioLord/lib/slf4j-jdk14-1.5.6.jar
7d121000-7d123000 r-xs 00004000 08:11 147823     /media/My Passport/Jacek/Dev/javabuilders/AudioLord/lib/slf4j-api-1.5.6.jar
7d123000-7d12d000 r-xs 00107000 08:11 147818     /media/My Passport/Jacek/Dev/javabuilders/AudioLord/lib/h2-1.1.104.jar
7d12d000-7d139000 r-xs 000a9000 08:11 147819     /media/My Passport/Jacek/Dev/javabuilders/AudioLord/lib/jaudiotagger.jar
7d139000-7d13e000 r-xs 00026000 08:11 147414     /media/My Passport/Jacek/Dev/javabuilders/org.javabuilders.core/lib/jvyaml.jar
7d13e000-7d141000 ---p 7d13e000 00:00 0 
7d141000-7d18f000 rwxp 7d141000 00:00 0 
7d18f000-7d192000 ---p 7d18f000 00:00 0 
7d192000-7d1e0000 rwxp 7d192000 00:00 0 
7d1e0000-7d1e1000 ---p 7d1e0000 00:00 0 
7d1e1000-7d294000 rwxp 7d1e1000 00:00 0 
7d294000-7d426000 r-xs 02f2c000 08:01 2703684    /home/jacek/Dev/Java/JDK/jdk1.6.0_12/jre/lib/rt.jar
7d426000-7d427000 ---p 7d426000 00:00 0 
7d427000-7d4a7000 rwxp 7d427000 00:00 0 
7d4a7000-7d4a8000 ---p 7d4a7000 00:00 0 
7d4a8000-7d530000 rwxp 7d4a8000 00:00 0 
7d530000-7d548000 rwxp 7d530000 00:00 0 
7d548000-7d55f000 rwxp 7d548000 00:00 0 
7d55f000-7d6b5000 rwxp 7d55f000 00:00 0 
7d6b5000-7d6bd000 rwxp 7d6b5000 00:00 0 
7d6bd000-7d6d5000 rwxp 7d6bd000 00:00 0 
7d6d5000-7d6ec000 rwxp 7d6d5000 00:00 0 
7d6ec000-7d841000 rwxp 7d6ec000 00:00 0 
7d841000-7d845000 rwxp 7d841000 00:00 0 
7d845000-7d86f000 rwxp 7d845000 00:00 0 
7d86f000-7e870000 rwxp 7d86f000 00:00 0 
7e870000-81870000 rwxp 7e870000 00:00 0 
81870000-845f0000 rwxp 81870000 00:00 0 
845f0000-af160000 rwxp 845f0000 00:00 0 
af160000-af710000 rwxp af160000 00:00 0 
af710000-b4c70000 rwxp af710000 00:00 0 
b4c70000-b4c73000 r-xs 0001a000 08:01 3047489    /home/jacek/Dev/Java/IDE/eclipse/plugins/org.junit4_4.3.1/junit.jar
b4c73000-b4c75000 r-xs 0000e000 08:11 147413     /media/My Passport/Jacek/Dev/javabuilders/org.javabuilders.core/lib/jakarta-oro-2.0.8.jar
b4c75000-b4c78000 r-xs 0001f000 08:11 147412     /media/My Passport/Jacek/Dev/javabuilders/org.javabuilders.core/lib/commons-validator-1.3.1.jar
b4c78000-b4c7f000 r-xs 00000000 08:01 3629382    /usr/lib/gconv/gconv-modules.cache
b4c7f000-b4c88000 rwxp b4c7f000 00:00 0 
b4c88000-b4d3f000 rwxp b4c88000 00:00 0 
b4d3f000-b4f7f000 rwxp b4d3f000 00:00 0 
b4f7f000-b7d3f000 rwxp b4f7f000 00:00 0 
b7d3f000-b7d4e000 r-xp 00000000 08:01 2703601    /home/jacek/Dev/Java/JDK/jdk1.6.0_12/jre/lib/i386/libzip.so
b7d4e000-b7d50000 rwxp 0000e000 08:01 2703601    /home/jacek/Dev/Java/JDK/jdk1.6.0_12/jre/lib/i386/libzip.so
b7d50000-b7d73000 r-xp 00000000 08:01 2703599    /home/jacek/Dev/Java/JDK/jdk1.6.0_12/jre/lib/i386/libjava.so
b7d73000-b7d75000 rwxp 00023000 08:01 2703599    /home/jacek/Dev/Java/JDK/jdk1.6.0_12/jre/lib/i386/libjava.so
b7d75000-b7d7f000 r-xp 00000000 08:01 4039309    /lib/tls/i686/cmov/libnss_files-2.9.so
b7d7f000-b7d80000 r-xp 00009000 08:01 4039309    /lib/tls/i686/cmov/libnss_files-2.9.so
b7d80000-b7d81000 rwxp 0000a000 08:01 4039309    /lib/tls/i686/cmov/libnss_files-2.9.so
b7d81000-b7d8a000 r-xp 00000000 08:01 4039311    /lib/tls/i686/cmov/libnss_nis-2.9.so
b7d8a000-b7d8b000 r-xp 00008000 08:01 4039311    /lib/tls/i686/cmov/libnss_nis-2.9.so
b7d8b000-b7d8c000 rwxp 00009000 08:01 4039311    /lib/tls/i686/cmov/libnss_nis-2.9.so
b7d8c000-b7da1000 r-xp 00000000 08:01 4039306    /lib/tls/i686/cmov/libnsl-2.9.so
b7da1000-b7da2000 r-xp 00014000 08:01 4039306    /lib/tls/i686/cmov/libnsl-2.9.so
b7da2000-b7da3000 rwxp 00015000 08:01 4039306    /lib/tls/i686/cmov/libnsl-2.9.so
b7da3000-b7da5000 rwxp b7da3000 00:00 0 
b7da5000-b7da6000 r-xs 00007000 08:11 147822     /media/My Passport/Jacek/Dev/javabuilders/AudioLord/lib/persist-1.1.jar
b7da6000-b7da7000 r-xs 0000c000 08:11 147411     /media/My Passport/Jacek/Dev/javabuilders/org.javabuilders.core/lib/commons-logging-1.1.jar
b7da7000-b7db2000 r-xp 00000000 08:01 2703598    /home/jacek/Dev/Java/JDK/jdk1.6.0_12/jre/lib/i386/libverify.so
b7db2000-b7db3000 rwxp 0000b000 08:01 2703598    /home/jacek/Dev/Java/JDK/jdk1.6.0_12/jre/lib/i386/libverify.so
b7db3000-b7dbb000 rwxs 00000000 08:01 2236547    /tmp/hsperfdata_jacek/5104
b7dbb000-b7dc2000 r-xp 00000000 08:01 4039316    /lib/tls/i686/cmov/librt-2.9.so
b7dc2000-b7dc3000 r-xp 00006000 08:01 4039316    /lib/tls/i686/cmov/librt-2.9.so
b7dc3000-b7dc4000 rwxp 00007000 08:01 4039316    /lib/tls/i686/cmov/librt-2.9.so
b7dc4000-b7dc7000 ---p b7dc4000 00:00 0 
b7dc7000-b7e15000 rwxp b7dc7000 00:00 0 
b7e15000-b7e39000 r-xp 00000000 08:01 4039304    /lib/tls/i686/cmov/libm-2.9.so
b7e39000-b7e3a000 r-xp 00023000 08:01 4039304    /lib/tls/i686/cmov/libm-2.9.so
b7e3a000-b7e3b000 rwxp 00024000 08:01 4039304    /lib/tls/i686/cmov/libm-2.9.so
b7e3b000-b7e3c000 rwxp b7e3b000 00:00 0 
b7e3c000-b7f98000 r-xp 00000000 08:01 4039300    /lib/tls/i686/cmov/libc-2.9.so
b7f98000-b7f99000 ---p 0015c000 08:01 4039300    /lib/tls/i686/cmov/libc-2.9.so
b7f99000-b7f9b000 r-xp 0015c000 08:01 4039300    /lib/tls/i686/cmov/libc-2.9.so
b7f9b000-b7f9c000 rwxp 0015e000 08:01 4039300    /lib/tls/i686/cmov/libc-2.9.so
b7f9c000-b7f9f000 rwxp b7f9c000 00:00 0 
b7f9f000-b7fa1000 r-xp 00000000 08:01 4039303    /lib/tls/i686/cmov/libdl-2.9.so
b7fa1000-b7fa2000 r-xp 00001000 08:01 4039303    /lib/tls/i686/cmov/libdl-2.9.so
b7fa2000-b7fa3000 rwxp 00002000 08:01 4039303    /lib/tls/i686/cmov/libdl-2.9.so
b7fa3000-b7faa000 r-xp 00000000 08:01 2711554    /home/jacek/Dev/Java/JDK/jdk1.6.0_12/jre/lib/i386/jli/libjli.so
b7faa000-b7fac000 rwxp 00006000 08:01 2711554    /home/jacek/Dev/Java/JDK/jdk1.6.0_12/jre/lib/i386/jli/libjli.so
b7fac000-b7fc1000 r-xp 00000000 08:01 4039314    /lib/tls/i686/cmov/libpthread-2.9.so
b7fc1000-b7fc2000 r-xp 00014000 08:01 4039314    /lib/tls/i686/cmov/libpthread-2.9.so
b7fc2000-b7fc3000 rwxp 00015000 08:01 4039314    /lib/tls/i686/cmov/libpthread-2.9.so
b7fc3000-b7fc6000 rwxp b7fc3000 00:00 0 
b7fc6000-b7fca000 r-xs 00026000 08:11 147410     /media/My Passport/Jacek/Dev/javabuilders/org.javabuilders.core/lib/commons-beanutils-core.jar
b7fca000-b7fd1000 r-xp 00000000 08:01 4039307    /lib/tls/i686/cmov/libnss_compat-2.9.so
b7fd1000-b7fd2000 r-xp 00006000 08:01 4039307    /lib/tls/i686/cmov/libnss_compat-2.9.so
b7fd2000-b7fd3000 rwxp 00007000 08:01 4039307    /lib/tls/i686/cmov/libnss_compat-2.9.so
b7fd3000-b7fd9000 r-xp 00000000 08:01 2703585    /home/jacek/Dev/Java/JDK/jdk1.6.0_12/jre/lib/i386/native_threads/libhpi.so
b7fd9000-b7fda000 rwxp 00006000 08:01 2703585    /home/jacek/Dev/Java/JDK/jdk1.6.0_12/jre/lib/i386/native_threads/libhpi.so
b7fda000-b7fdb000 rwxp b7fda000 00:00 0 
b7fdb000-b7fdc000 r-xp b7fdb000 00:00 0 
b7fdc000-b7fde000 rwxp b7fdc000 00:00 0 
b7fde000-b7fdf000 r-xp b7fde000 00:00 0          [vdso]
b7fdf000-b7ffb000 r-xp 00000000 08:01 4022295    /lib/ld-2.9.so
b7ffb000-b7ffc000 r-xp 0001b000 08:01 4022295    /lib/ld-2.9.so
b7ffc000-b7ffd000 rwxp 0001c000 08:01 4022295    /lib/ld-2.9.so
bfbe7000-bfbfc000 rwxp bffeb000 00:00 0          [stack]

VM Arguments:
jvm_args: -Djava.library.path=/media/My Passport/Jacek/Dev/javabuilders/org.javabuilders.gtk/lib -Dfile.encoding=UTF-8 
java_command: org.audiolord.AudioLord
Launcher Type: SUN_STANDARD

Environment Variables:
PATH=/usr/local/sbin:/usr/local/bin:/usr/sbin:/usr/bin:/sbin:/bin:/usr/games
USERNAME=jacek
LD_LIBRARY_PATH=/home/jacek/Dev/Java/JDK/jdk1.6.0_12/jre/lib/i386/server:/home/jacek/Dev/Java/JDK/jdk1.6.0_12/jre/lib/i386:/home/jacek/Dev/Java/JDK/jdk1.6.0_12/jre/../lib/i386:/usr/lib/jvm/java-6-openjdk/jre/lib/i386/client:/usr/lib/jvm/java-6-openjdk/jre/lib/i386:/usr/lib/xulrunner-addons:/usr/lib/xulrunner-addons:/usr/lib/xulrunner-addons
SHELL=/bin/bash
DISPLAY=:0.0

Signal Handlers:
SIGSEGV: [libjvm.so+0x6071f0], sa_mask[0]=0x7ffbfeff, sa_flags=0x10000004
SIGBUS: [libjvm.so+0x6071f0], sa_mask[0]=0x7ffbfeff, sa_flags=0x10000004
SIGFPE: [libjvm.so+0x5048b0], sa_mask[0]=0x7ffbfeff, sa_flags=0x10000004
SIGPIPE: SIG_IGN, sa_mask[0]=0x00001000, sa_flags=0x10000000
SIGXFSZ: [libjvm.so+0x5048b0], sa_mask[0]=0x7ffbfeff, sa_flags=0x10000004
SIGILL: [libjvm.so+0x5048b0], sa_mask[0]=0x7ffbfeff, sa_flags=0x10000004
SIGUSR1: SIG_DFL, sa_mask[0]=0x00000000, sa_flags=0x00000000
SIGUSR2: [libjvm.so+0x506d80], sa_mask[0]=0x00000004, sa_flags=0x10000004
SIGHUP: [libjvm.so+0x506b20], sa_mask[0]=0x7ffbfeff, sa_flags=0x10000004
SIGINT: [libjvm.so+0x506b20], sa_mask[0]=0x7ffbfeff, sa_flags=0x10000004
SIGTERM: [libjvm.so+0x506b20], sa_mask[0]=0x7ffbfeff, sa_flags=0x10000004
SIGQUIT: [libjvm.so+0x506b20], sa_mask[0]=0x7ffbfeff, sa_flags=0x10000004


---------------  S Y S T E M  ---------------

OS:5.0

uname:Linux 2.6.28-11-generic #42-Ubuntu SMP Fri Apr 17 01:57:59 UTC 2009 i686
libc:glibc 2.9 NPTL 2.9 
rlimit: STACK 8192k, CORE 0k, NPROC infinity, NOFILE 1024, AS infinity
load average:0.66 0.58 0.60

CPU:total 2 (2 cores per cpu, 1 threads per core) family 6 model 7 stepping 10, cmov, cx8, fxsr, mmx, sse, sse2, sse3, ssse3

Memory: 4k page, physical 3353668k(1087312k free), swap 3229024k(3229024k free)

vm_info: Java HotSpot(TM) Server VM (11.2-b01) for linux-x86 JRE (1.6.0_12-b04), built on Jan 17 2009 01:47:24 by "java_re" with gcc 3.2.1-7a (J2SE release)

time: Tue May 12 07:56:20 2009
elapsed time: 2 seconds

