#
# An unexpected error has been detected by Java Runtime Environment:
#
#  SIGSEGV (0xb) at pc=0x063966c3, pid=3059, tid=3084221328
#
# Java VM: Java HotSpot(TM) Server VM (11.2-b01 mixed mode linux-x86)
# Problematic frame:
# V  [libjvm.so+0x3966c3]
#
# If you would like to submit a bug report, please visit:
#   http://java.sun.com/webapps/bugreport/crash.jsp
#

---------------  T H R E A D  ---------------

Current thread (0x09952800):  JavaThread "main" [_thread_in_vm, id=3064, stack(0xb7d07000,0xb7d58000)]

siginfo:si_signo=SIGSEGV: si_errno=0, si_code=1 (SEGV_MAPERR), si_addr=0x00000000

Registers:
EAX=0x00000000, EBX=0x099511c8, ECX=0x000b7d56, EDX=0x09952800
ESP=0xb7d56e74, EBP=0xb7d56ed8, ESI=0x00000ffc, EDI=0x09952c00
EIP=0x063966c3, CR2=0x00000000, EFLAGS=0x00210296

Top of Stack: (sp=0xb7d56e74)
0xb7d56e74:   09953024 00000000 00000000 099511c8
0xb7d56e84:   09952c00 09952c08 09952ff4 09952800
0xb7d56e94:   00000000 7cb884f0 00000001 09952800
0xb7d56ea4:   fffffffe b4c82608 b7d56ebc 09952800
0xb7d56eb4:   7dc14e98 09952800 b7d56f0c 06372d7d
0xb7d56ec4:   0995300c b7d56edf 7cbcfff4 7dc14e94
0xb7d56ed4:   09952800 b7d56f18 7cb88524 09952914
0xb7d56ee4:   00000000 00000000 09953034 09953034 

Instructions: (pc=0x063966c3)
0x063966b3:   ac 8b 43 08 89 45 b0 8b 43 0c 89 45 b4 8b 45 0c
0x063966c3:   8b 00 50 e8 35 02 fe ff 83 ec 0c 89 c6 50 e8 72 

Stack: [0xb7d07000,0xb7d58000],  sp=0xb7d56e74,  free space=319k
Native frames: (J=compiled Java code, j=interpreted, Vv=VM code, C=native code)
V  [libjvm.so+0x3966c3]
C  [libgtkjni-4.0.11.so+0x9f524]  Java_org_gnome_glib_GValue_g_1value_1init__Ljava_lang_String_2+0x34
j  org.gnome.glib.GValue.g_value_init(Ljava/lang/String;)J+0
j  org.gnome.glib.GValue.createValue(Ljava/lang/String;)J+1
j  org.gnome.glib.Value.<init>(Ljava/lang/String;)V+2
j  org.gnome.glib.Object.setPropertyString(Ljava/lang/String;Ljava/lang/String;)V+7
j  org.gnome.gtk.MessageDialog.<init>(Lorg/gnome/gtk/Window;ZLorg/gnome/gtk/MessageType;Lorg/gnome/gtk/ButtonsType;Ljava/lang/String;)V+30
j  org.audiolord.AudioLord.main([Ljava/lang/String;)V+70
v  ~StubRoutines::call_stub
V  [libjvm.so+0x375c9d]
V  [libjvm.so+0x5057f8]
V  [libjvm.so+0x375b30]
V  [libjvm.so+0x39f2e6]
V  [libjvm.so+0x390ae8]
C  [java+0x1b98]  JavaMain+0x2c8
C  [libpthread.so.0+0x64ff]

Java frames: (J=compiled Java code, j=interpreted, Vv=VM code)
j  org.gnome.glib.GValue.g_value_init(Ljava/lang/String;)J+0
j  org.gnome.glib.GValue.createValue(Ljava/lang/String;)J+1
j  org.gnome.glib.Value.<init>(Ljava/lang/String;)V+2
j  org.gnome.glib.Object.setPropertyString(Ljava/lang/String;Ljava/lang/String;)V+7
j  org.gnome.gtk.MessageDialog.<init>(Lorg/gnome/gtk/Window;ZLorg/gnome/gtk/MessageType;Lorg/gnome/gtk/ButtonsType;Ljava/lang/String;)V+30
j  org.audiolord.AudioLord.main([Ljava/lang/String;)V+70
v  ~StubRoutines::call_stub

---------------  P R O C E S S  ---------------

Java Threads: ( => current thread )
  0x7d293c00 JavaThread "Low Memory Detector" daemon [_thread_blocked, id=3075, stack(0x7cda0000,0x7cdf1000)]
  0x7d291c00 JavaThread "CompilerThread1" daemon [_thread_in_native, id=3073, stack(0x7cdf1000,0x7ce72000)]
  0x7d290000 JavaThread "CompilerThread0" daemon [_thread_blocked, id=3072, stack(0x7ce72000,0x7cef3000)]
  0x7d28e800 JavaThread "Signal Dispatcher" daemon [_thread_blocked, id=3071, stack(0x7cef3000,0x7cf44000)]
  0x7d27dc00 JavaThread "Finalizer" daemon [_thread_blocked, id=3069, stack(0x7cf4b000,0x7cf9c000)]
  0x7d27c800 JavaThread "Reference Handler" daemon [_thread_blocked, id=3068, stack(0x7cf9c000,0x7cfed000)]
=>0x09952800 JavaThread "main" [_thread_in_vm, id=3064, stack(0xb7d07000,0xb7d58000)]

Other Threads:
  0x7d279000 VMThread [stack: 0x7cfed000,0x7d06e000] [id=3067]
  0x7d295800 WatcherThread [stack: 0x7cd1f000,0x7cda0000] [id=3076]

VM state:not at safepoint (normal execution)

VM Mutex/Monitor currently owned by a thread: None

Heap
 PSYoungGen      total 5120K, used 3237K [0xaf0b0000, 0xaf660000, 0xb4bc0000)
  eden space 4416K, 64% used [0xaf0b0000,0xaf377608,0xaf500000)
  from space 704K, 55% used [0xaf5b0000,0xaf612050,0xaf660000)
  to   space 704K, 0% used [0xaf500000,0xaf500000,0xaf5b0000)
 PSOldGen        total 46592K, used 0K [0x817c0000, 0x84540000, 0xaf0b0000)
  object space 46592K, 0% used [0x817c0000,0x817c0000,0x84540000)
 PSPermGen       total 16384K, used 4889K [0x7d7c0000, 0x7e7c0000, 0x817c0000)
  object space 16384K, 29% used [0x7d7c0000,0x7dc86560,0x7e7c0000)

Dynamic libraries:
06000000-06676000 r-xp 00000000 08:01 2703587    /home/jacek/Dev/Java/JDK/jdk1.6.0_12/jre/lib/i386/server/libjvm.so
06676000-066bb000 rwxp 00675000 08:01 2703587    /home/jacek/Dev/Java/JDK/jdk1.6.0_12/jre/lib/i386/server/libjvm.so
066bb000-06add000 rwxp 066bb000 00:00 0 
08048000-08052000 r-xp 00000000 08:01 2719896    /home/jacek/Dev/Java/JDK/jdk1.6.0_12/bin/java
08052000-08053000 rwxp 00009000 08:01 2719896    /home/jacek/Dev/Java/JDK/jdk1.6.0_12/bin/java
0994c000-09d38000 rwxp 0994c000 00:00 0          [heap]
7bb33000-7bbcb000 r-xp 00000000 08:01 929052     /usr/share/fonts/truetype/ttf-dejavu/DejaVuSans.ttf
7bc00000-7bcf9000 rwxp 7bc00000 00:00 0 
7bcf9000-7bd00000 ---p 7bcf9000 00:00 0 
7bd27000-7bd2a000 r-xs 00000000 08:01 552093     /var/cache/fontconfig/e383d7ea5fbe662a33d9b44caf393297-x86.cache-2
7bd2a000-7bd2b000 r-xs 00000000 08:01 552092     /var/cache/fontconfig/fd9505950c048a77dc4b710eb6a628ed-x86.cache-2
7bd2b000-7bd2c000 r-xs 00000000 08:01 552091     /var/cache/fontconfig/a2ab74764b07279e7c36ddb1d302cf26-x86.cache-2
7bd2c000-7bd2f000 r-xs 00000000 08:01 551944     /var/cache/fontconfig/6eb3985aa4124903f6ff08ba781cd364-x86.cache-2
7bd2f000-7bd30000 r-xs 00000000 08:01 552089     /var/cache/fontconfig/4c73fe0c47614734b17d736dbde7580a-x86.cache-2
7bd30000-7bd32000 r-xs 00000000 08:01 552088     /var/cache/fontconfig/646addb8444faa74ee138aa00ab0b6a0-x86.cache-2
7bd32000-7bd35000 r-xs 00000000 08:01 552087     /var/cache/fontconfig/a755afe4a08bf5b97852ceb7400b47bc-x86.cache-2
7bd35000-7bd3c000 r-xs 00000000 08:01 552086     /var/cache/fontconfig/6d41288fd70b0be22e8c3a91e032eec0-x86.cache-2
7bd3c000-7bd3f000 r-xs 00000000 08:01 552085     /var/cache/fontconfig/de156ccd2eddbdc19d37a45b8b2aac9c-x86.cache-2
7bd3f000-7bd41000 r-xs 00000000 08:01 552083     /var/cache/fontconfig/da1bd5ca8443ffe22927a23ce431d198-x86.cache-2
7bd41000-7bd49000 r-xs 00000000 08:01 552080     /var/cache/fontconfig/e3de0de479f42330eadf588a55fb5bf4-x86.cache-2
7bd49000-7bd54000 r-xs 00000000 08:01 552079     /var/cache/fontconfig/0f34bcd4b6ee430af32735b75db7f02b-x86.cache-2
7bd54000-7bd56000 r-xs 00000000 08:01 553399     /var/cache/fontconfig/ddd4086aec35a5275babba44bb759c3c-x86.cache-2
7bd56000-7bd57000 r-xs 00000000 08:01 552077     /var/cache/fontconfig/4794a0821666d79190d59a36cb4f44b5-x86.cache-2
7bd57000-7bd79000 r-xs 00000000 08:01 552076     /var/cache/fontconfig/365b55f210c0a22e9a19e35191240f32-x86.cache-2
7bd79000-7bd7c000 r-xs 00000000 08:01 551883     /var/cache/fontconfig/de9486f0b47a4d768a594cb4198cb1c6-x86.cache-2
7bd7c000-7bd83000 r-xs 00000000 08:01 552074     /var/cache/fontconfig/d52a8644073d54c13679302ca1180695-x86.cache-2
7bd83000-7bd89000 r-xs 00000000 08:01 552073     /var/cache/fontconfig/089dead882dea3570ffc31a9898cfb69-x86.cache-2
7bd89000-7bd96000 r-xs 00000000 08:01 553510     /var/cache/fontconfig/e13b20fdb08344e0e664864cc2ede53d-x86.cache-2
7bd96000-7bd99000 r-xs 00000000 08:01 552499     /var/cache/fontconfig/7ef2298fde41cc6eeb7af42e48b7d293-x86.cache-2
7bd99000-7bda7000 r-xs 00000000 08:01 553508     /var/cache/fontconfig/865f88548240fee46819705c6468c165-x86.cache-2
7bda7000-7bda8000 r-xp 00000000 08:01 980266     /usr/share/locale-langpack/en_CA/LC_MESSAGES/glib20.mo
7bda8000-7bdc8000 r-xp 00000000 08:01 729476     /usr/lib/gtk-2.0/2.10.0/engines/libmurrine.so
7bdc8000-7bdc9000 r-xp 00020000 08:01 729476     /usr/lib/gtk-2.0/2.10.0/engines/libmurrine.so
7bdc9000-7bdca000 rwxp 00021000 08:01 729476     /usr/lib/gtk-2.0/2.10.0/engines/libmurrine.so
7bdca000-7bdd1000 r-xp 00000000 08:01 705001     /usr/lib/libltdl.so.7.2.0
7bdd1000-7bdd2000 r-xp 00006000 08:01 705001     /usr/lib/libltdl.so.7.2.0
7bdd2000-7bdd3000 rwxp 00007000 08:01 705001     /usr/lib/libltdl.so.7.2.0
7bdd3000-7bddf000 r-xp 00000000 08:01 704629     /usr/lib/libtdb.so.1.1.3
7bddf000-7bde0000 r-xp 0000b000 08:01 704629     /usr/lib/libtdb.so.1.1.3
7bde0000-7bde1000 rwxp 0000c000 08:01 704629     /usr/lib/libtdb.so.1.1.3
7bde1000-7bde5000 r-xp 00000000 08:01 707849     /usr/lib/libogg.so.0.5.3
7bde5000-7bde6000 r-xp 00003000 08:01 707849     /usr/lib/libogg.so.0.5.3
7bde6000-7bde7000 rwxp 00004000 08:01 707849     /usr/lib/libogg.so.0.5.3
7bde7000-7be02000 r-xp 00000000 08:01 708067     /usr/lib/libvorbis.so.0.4.0
7be02000-7be03000 r-xp 0001a000 08:01 708067     /usr/lib/libvorbis.so.0.4.0
7be03000-7be11000 rwxp 0001b000 08:01 708067     /usr/lib/libvorbis.so.0.4.0
7be11000-7be18000 r-xp 00000000 08:01 708071     /usr/lib/libvorbisfile.so.3.2.0
7be18000-7be19000 r-xp 00006000 08:01 708071     /usr/lib/libvorbisfile.so.3.2.0
7be19000-7be1a000 rwxp 00007000 08:01 708071     /usr/lib/libvorbisfile.so.3.2.0
7be1a000-7be27000 r-xp 00000000 08:01 705922     /usr/lib/libcanberra.so.0.1.4
7be27000-7be28000 r-xp 0000d000 08:01 705922     /usr/lib/libcanberra.so.0.1.4
7be28000-7be29000 rwxp 0000e000 08:01 705922     /usr/lib/libcanberra.so.0.1.4
7be2c000-7be2d000 r-xp 00000000 08:01 557324     /usr/share/locale-langpack/en_CA/LC_MESSAGES/atk10.mo
7be2d000-7be30000 r-xs 000cb000 08:01 2703671    /home/jacek/Dev/Java/JDK/jdk1.6.0_12/jre/lib/ext/localedata.jar
7be30000-7be32000 r-xp 00000000 08:01 3448863    /usr/lib/pango/1.6.0/modules/pango-basic-fc.so
7be32000-7be33000 r-xp 00001000 08:01 3448863    /usr/lib/pango/1.6.0/modules/pango-basic-fc.so
7be33000-7be34000 rwxp 00002000 08:01 3448863    /usr/lib/pango/1.6.0/modules/pango-basic-fc.so
7be34000-7be3a000 r-xs 00000000 08:01 551206     /var/cache/fontconfig/945677eb7aeaf62f1d50efc3fb3ec7d8-x86.cache-2
7be3a000-7be3c000 r-xs 00000000 08:01 552094     /var/cache/fontconfig/99e8ed0e538f840c565b6ed5dad60d56-x86.cache-2
7be3c000-7be41000 r-xs 00000000 08:01 552498     /var/cache/fontconfig/e25ca923d7a08ab6b0777bd7eb77ea77-x86.cache-2
7be41000-7bf2c000 r-xp 00000000 08:01 729707     /usr/lib/locale/en_CA.utf8/LC_COLLATE
7bf2c000-7bf30000 r-xp 00000000 08:01 707174     /usr/lib/libXdmcp.so.6.0.0
7bf30000-7bf31000 rwxp 00003000 08:01 707174     /usr/lib/libXdmcp.so.6.0.0
7bf31000-7bf33000 r-xp 00000000 08:01 706881     /usr/lib/libXau.so.6.0.0
7bf33000-7bf34000 r-xp 00001000 08:01 706881     /usr/lib/libXau.so.6.0.0
7bf34000-7bf35000 rwxp 00002000 08:01 706881     /usr/lib/libXau.so.6.0.0
7bf35000-7bf59000 r-xp 00000000 08:01 707416     /usr/lib/libexpat.so.1.5.2
7bf59000-7bf5b000 r-xp 00023000 08:01 707416     /usr/lib/libexpat.so.1.5.2
7bf5b000-7bf5c000 rwxp 00025000 08:01 707416     /usr/lib/libexpat.so.1.5.2
7bf5c000-7bf74000 r-xp 00000000 08:01 3875016    /usr/lib/libxcb.so.1.1.0
7bf74000-7bf75000 r-xp 00017000 08:01 3875016    /usr/lib/libxcb.so.1.1.0
7bf75000-7bf76000 rwxp 00018000 08:01 3875016    /usr/lib/libxcb.so.1.1.0
7bf76000-7bf7c000 r-xp 00000000 08:01 706220     /usr/lib/libxcb-render.so.0.0.0
7bf7c000-7bf7d000 r-xp 00005000 08:01 706220     /usr/lib/libxcb-render.so.0.0.0
7bf7d000-7bf7e000 rwxp 00006000 08:01 706220     /usr/lib/libxcb-render.so.0.0.0
7bf7e000-7bf81000 r-xp 00000000 08:01 706353     /usr/lib/libxcb-render-util.so.0.0.0
7bf81000-7bf82000 r-xp 00002000 08:01 706353     /usr/lib/libxcb-render-util.so.0.0.0
7bf82000-7bf83000 rwxp 00003000 08:01 706353     /usr/lib/libxcb-render-util.so.0.0.0
7bf83000-7bfa7000 r-xp 00000000 08:01 704792     /usr/lib/libpng12.so.0.27.0
7bfa7000-7bfa8000 r-xp 00023000 08:01 704792     /usr/lib/libpng12.so.0.27.0
7bfa8000-7bfa9000 rwxp 00024000 08:01 704792     /usr/lib/libpng12.so.0.27.0
7bfa9000-7bfbc000 r-xp 00000000 08:01 706663     /usr/lib/libdirect-1.0.so.0.1.0
7bfbc000-7bfbd000 r-xp 00012000 08:01 706663     /usr/lib/libdirect-1.0.so.0.1.0
7bfbd000-7bfbe000 rwxp 00013000 08:01 706663     /usr/lib/libdirect-1.0.so.0.1.0
7bfbe000-7bfc5000 r-xp 00000000 08:01 706769     /usr/lib/libfusion-1.0.so.0.1.0
7bfc5000-7bfc6000 r-xp 00006000 08:01 706769     /usr/lib/libfusion-1.0.so.0.1.0
7bfc6000-7bfc7000 rwxp 00007000 08:01 706769     /usr/lib/libfusion-1.0.so.0.1.0
7bfc7000-7c02b000 r-xp 00000000 08:01 706763     /usr/lib/libdirectfb-1.0.so.0.1.0
7c02b000-7c02c000 r-xp 00063000 08:01 706763     /usr/lib/libdirectfb-1.0.so.0.1.0
7c02c000-7c02d000 rwxp 00064000 08:01 706763     /usr/lib/libdirectfb-1.0.so.0.1.0
7c02d000-7c06d000 r-xp 00000000 08:01 706216     /usr/lib/libpixman-1.so.0.13.2
7c06d000-7c06f000 r-xp 0003f000 08:01 706216     /usr/lib/libpixman-1.so.0.13.2
7c06f000-7c070000 rwxp 00041000 08:01 706216     /usr/lib/libpixman-1.so.0.13.2
7c070000-7c088000 r-xp 00000000 08:01 4022289    /lib/libselinux.so.1
7c088000-7c089000 r-xp 00017000 08:01 4022289    /lib/libselinux.so.1
7c089000-7c08a000 rwxp 00018000 08:01 4022289    /lib/libselinux.so.1
7c08a000-7c09e000 r-xp 00000000 08:01 4022814    /lib/libz.so.1.2.3.3
7c09e000-7c09f000 r-xp 00013000 08:01 4022814    /lib/libz.so.1.2.3.3
7c09f000-7c0a0000 rwxp 00014000 08:01 4022814    /lib/libz.so.1.2.3.3
7c0a0000-7c0a4000 r-xp 00000000 08:01 707180     /usr/lib/libXfixes.so.3.1.0
7c0a4000-7c0a5000 rwxp 00003000 08:01 707180     /usr/lib/libXfixes.so.3.1.0
7c0a5000-7c0a7000 r-xp 00000000 08:01 707172     /usr/lib/libXdamage.so.1.1.0
7c0a7000-7c0a8000 rwxp 00001000 08:01 707172     /usr/lib/libXdamage.so.1.1.0
7c0a8000-7c0aa000 r-xp 00000000 08:01 707168     /usr/lib/libXcomposite.so.1.0.0
7c0aa000-7c0ab000 r-xp 00001000 08:01 707168     /usr/lib/libXcomposite.so.1.0.0
7c0ab000-7c0ac000 rwxp 00002000 08:01 707168     /usr/lib/libXcomposite.so.1.0.0
7c0ac000-7c196000 r-xp 00000000 08:01 707142     /usr/lib/libX11.so.6.2.0
7c196000-7c197000 ---p 000ea000 08:01 707142     /usr/lib/libX11.so.6.2.0
7c197000-7c198000 r-xp 000ea000 08:01 707142     /usr/lib/libX11.so.6.2.0
7c198000-7c19a000 rwxp 000eb000 08:01 707142     /usr/lib/libX11.so.6.2.0
7c19a000-7c19b000 rwxp 7c19a000 00:00 0 
7c19b000-7c1a3000 r-xp 00000000 08:01 707170     /usr/lib/libXcursor.so.1.0.2
7c1a3000-7c1a4000 rwxp 00007000 08:01 707170     /usr/lib/libXcursor.so.1.0.2
7c1a4000-7c1aa000 r-xp 00000000 08:01 707622     /usr/lib/libXrandr.so.2.2.0
7c1aa000-7c1ab000 r-xp 00006000 08:01 707622     /usr/lib/libXrandr.so.2.2.0
7c1ab000-7c1ac000 rwxp 00007000 08:01 707622     /usr/lib/libXrandr.so.2.2.0
7c1ac000-7c1b4000 r-xp 00000000 08:01 707619     /usr/lib/libXi.so.6.0.0
7c1b4000-7c1b5000 r-xp 00007000 08:01 707619     /usr/lib/libXi.so.6.0.0
7c1b5000-7c1b6000 rwxp 00008000 08:01 707619     /usr/lib/libXi.so.6.0.0
7c1b6000-7c1b8000 r-xp 00000000 08:01 707188     /usr/lib/libXinerama.so.1.0.0
7c1b8000-7c1b9000 rwxp 00001000 08:01 707188     /usr/lib/libXinerama.so.1.0.0
7c1b9000-7c1c1000 r-xp 00000000 08:01 707200     /usr/lib/libXrender.so.1.3.0
7c1c1000-7c1c2000 r-xp 00007000 08:01 707200     /usr/lib/libXrender.so.1.3.0
7c1c2000-7c1c3000 rwxp 00008000 08:01 707200     /usr/lib/libXrender.so.1.3.0
7c1c3000-7c1d1000 r-xp 00000000 08:01 704631     /usr/lib/libXext.so.6.4.0
7c1d1000-7c1d2000 r-xp 0000d000 08:01 704631     /usr/lib/libXext.so.6.4.0
7c1d2000-7c1d3000 rwxp 0000e000 08:01 704631     /usr/lib/libXext.so.6.4.0
7c1d3000-7c203000 r-xp 00000000 08:01 4022858    /lib/libpcre.so.3.12.1
7c203000-7c204000 r-xp 0002f000 08:01 4022858    /lib/libpcre.so.3.12.1
7c204000-7c205000 rwxp 00030000 08:01 4022858    /lib/libpcre.so.3.12.1
7c205000-7c2bb000 r-xp 00000000 08:01 706515     /usr/lib/libglib-2.0.so.0.2000.1
7c2bb000-7c2bc000 r-xp 000b5000 08:01 706515     /usr/lib/libglib-2.0.so.0.2000.1
7c2bc000-7c2bd000 rwxp 000b6000 08:01 706515     /usr/lib/libglib-2.0.so.0.2000.1
7c2bd000-7c2c0000 r-xp 00000000 08:01 706516     /usr/lib/libgmodule-2.0.so.0.2000.1
7c2c0000-7c2c1000 r-xp 00002000 08:01 706516     /usr/lib/libgmodule-2.0.so.0.2000.1
7c2c1000-7c2c2000 rwxp 00003000 08:01 706516     /usr/lib/libgmodule-2.0.so.0.2000.1
7c2c2000-7c2fe000 r-xp 00000000 08:01 706517     /usr/lib/libgobject-2.0.so.0.2000.1
7c2fe000-7c2ff000 r-xp 0003b000 08:01 706517     /usr/lib/libgobject-2.0.so.0.2000.1
7c2ff000-7c300000 rwxp 0003c000 08:01 706517     /usr/lib/libgobject-2.0.so.0.2000.1
7c300000-7c32b000 r-xp 00000000 08:01 705418     /usr/lib/libfontconfig.so.1.3.0
7c32b000-7c32c000 r-xp 0002a000 08:01 705418     /usr/lib/libfontconfig.so.1.3.0
7c32c000-7c32d000 rwxp 0002b000 08:01 705418     /usr/lib/libfontconfig.so.1.3.0
7c32d000-7c39f000 r-xp 00000000 08:01 704537     /usr/lib/libfreetype.so.6.3.20
7c39f000-7c3a3000 r-xp 00071000 08:01 704537     /usr/lib/libfreetype.so.6.3.20
7c3a3000-7c3a4000 rwxp 00075000 08:01 704537     /usr/lib/libfreetype.so.6.3.20
7c3a4000-7c3e4000 r-xp 00000000 08:01 707586     /usr/lib/libpango-1.0.so.0.2400.1
7c3e4000-7c3e5000 ---p 00040000 08:01 707586     /usr/lib/libpango-1.0.so.0.2400.1
7c3e5000-7c3e6000 r-xp 00040000 08:01 707586     /usr/lib/libpango-1.0.so.0.2400.1
7c3e6000-7c3e7000 rwxp 00041000 08:01 707586     /usr/lib/libpango-1.0.so.0.2400.1
7c3e7000-7c45e000 r-xp 00000000 08:01 706358     /usr/lib/libcairo.so.2.10800.6
7c45e000-7c460000 r-xp 00076000 08:01 706358     /usr/lib/libcairo.so.2.10800.6
7c460000-7c461000 rwxp 00078000 08:01 706358     /usr/lib/libcairo.so.2.10800.6
7c461000-7c4cc000 r-xp 00000000 08:01 705731     /usr/lib/libgio-2.0.so.0.2000.1
7c4cc000-7c4cd000 ---p 0006b000 08:01 705731     /usr/lib/libgio-2.0.so.0.2000.1
7c4cd000-7c4ce000 r-xp 0006b000 08:01 705731     /usr/lib/libgio-2.0.so.0.2000.1
7c4ce000-7c4cf000 rwxp 0006c000 08:01 705731     /usr/lib/libgio-2.0.so.0.2000.1
7c4cf000-7c4d9000 r-xp 00000000 08:01 707588     /usr/lib/libpangocairo-1.0.so.0.2400.1
7c4d9000-7c4da000 r-xp 00009000 08:01 707588     /usr/lib/libpangocairo-1.0.so.0.2400.1
7c4da000-7c4db000 rwxp 0000a000 08:01 707588     /usr/lib/libpangocairo-1.0.so.0.2400.1
7c4db000-7c4f3000 r-xp 00000000 08:01 707709     /usr/lib/libgdk_pixbuf-2.0.so.0.1600.1
7c4f3000-7c4f4000 r-xp 00017000 08:01 707709     /usr/lib/libgdk_pixbuf-2.0.so.0.1600.1
7c4f4000-7c4f5000 rwxp 00018000 08:01 707709     /usr/lib/libgdk_pixbuf-2.0.so.0.1600.1
7c4f5000-7c51c000 r-xp 00000000 08:01 707590     /usr/lib/libpangoft2-1.0.so.0.2400.1
7c51c000-7c51d000 r-xp 00026000 08:01 707590     /usr/lib/libpangoft2-1.0.so.0.2400.1
7c51d000-7c51e000 rwxp 00027000 08:01 707590     /usr/lib/libpangoft2-1.0.so.0.2400.1
7c51e000-7c537000 r-xp 00000000 08:01 706794     /usr/lib/libatk-1.0.so.0.2609.1
7c537000-7c538000 r-xp 00019000 08:01 706794     /usr/lib/libatk-1.0.so.0.2609.1
7c538000-7c539000 rwxp 0001a000 08:01 706794     /usr/lib/libatk-1.0.so.0.2609.1
7c539000-7c5c2000 r-xp 00000000 08:01 707698     /usr/lib/libgdk-x11-2.0.so.0.1600.1
7c5c2000-7c5c3000 ---p 00089000 08:01 707698     /usr/lib/libgdk-x11-2.0.so.0.1600.1
7c5c3000-7c5c5000 r-xp 00089000 08:01 707698     /usr/lib/libgdk-x11-2.0.so.0.1600.1
7c5c5000-7c5c6000 rwxp 0008b000 08:01 707698     /usr/lib/libgdk-x11-2.0.so.0.1600.1
7c5c6000-7c6fb000 r-xp 00000000 08:01 3875394    /usr/lib/libxml2.so.2.6.32
7c6fb000-7c6fc000 ---p 00135000 08:01 3875394    /usr/lib/libxml2.so.2.6.32
7c6fc000-7c700000 r-xp 00135000 08:01 3875394    /usr/lib/libxml2.so.2.6.32
7c700000-7c701000 rwxp 00139000 08:01 3875394    /usr/lib/libxml2.so.2.6.32
7c701000-7c702000 rwxp 7c701000 00:00 0 
7c702000-7caab000 r-xp 00000000 08:01 707696     /usr/lib/libgtk-x11-2.0.so.0.1600.1
7caab000-7caaf000 r-xp 003a8000 08:01 707696     /usr/lib/libgtk-x11-2.0.so.0.1600.1
7caaf000-7cab1000 rwxp 003ac000 08:01 707696     /usr/lib/libgtk-x11-2.0.so.0.1600.1
7cab1000-7cab3000 rwxp 7cab1000 00:00 0 
7cab3000-7cac9000 r-xp 00000000 08:01 708287     /usr/lib/libglade-2.0.so.0.0.7
7cac9000-7caca000 r-xp 00015000 08:01 708287     /usr/lib/libglade-2.0.so.0.0.7
7caca000-7cacb000 rwxp 00016000 08:01 708287     /usr/lib/libglade-2.0.so.0.0.7
7cacb000-7cacf000 r-xp 00000000 08:01 706518     /usr/lib/libgthread-2.0.so.0.2000.1
7cacf000-7cad0000 r-xp 00003000 08:01 706518     /usr/lib/libgthread-2.0.so.0.2000.1
7cad0000-7cad1000 rwxp 00004000 08:01 706518     /usr/lib/libgthread-2.0.so.0.2000.1
7cad1000-7cad4000 r-xp 00000000 08:01 706074     /usr/lib/libcanberra-gtk.so.0.0.4
7cad4000-7cad5000 r-xp 00002000 08:01 706074     /usr/lib/libcanberra-gtk.so.0.0.4
7cad5000-7cad6000 rwxp 00003000 08:01 706074     /usr/lib/libcanberra-gtk.so.0.0.4
7cad6000-7cada000 r-xp 00000000 08:01 1657374    /usr/lib/gtk-2.0/modules/libcanberra-gtk-module.so
7cada000-7cadb000 r-xp 00003000 08:01 1657374    /usr/lib/gtk-2.0/modules/libcanberra-gtk-module.so
7cadb000-7cadc000 rwxp 00004000 08:01 1657374    /usr/lib/gtk-2.0/modules/libcanberra-gtk-module.so
7cadc000-7cadf000 r-xp 00000000 08:01 557296     /usr/share/locale-langpack/en_CA/LC_MESSAGES/gtk20-properties.mo
7cadf000-7cae1000 r-xp 00000000 08:01 980282     /usr/share/locale-langpack/en_CA/LC_MESSAGES/gtk20.mo
7cae1000-7cae2000 r-xp 00000000 08:01 731024     /usr/lib/locale/en_CA.utf8/LC_NUMERIC
7cae2000-7cae3000 r-xp 00000000 08:01 729705     /usr/lib/locale/en_CA.utf8/LC_TIME
7cae3000-7cae4000 r-xp 00000000 08:01 729709     /usr/lib/locale/en_CA.utf8/LC_MONETARY
7cae4000-7cae5000 r-xp 00000000 08:01 729711     /usr/lib/locale/en_CA.utf8/LC_MESSAGES/SYS_LC_MESSAGES
7cae5000-7cae6000 r-xp 00000000 08:01 731345     /usr/lib/locale/en_CA.utf8/LC_PAPER
7cae6000-7cae7000 r-xp 00000000 08:01 731075     /usr/lib/locale/en_CA.utf8/LC_NAME
7cae7000-7cae8000 r-xp 00000000 08:01 729713     /usr/lib/locale/en_CA.utf8/LC_ADDRESS
7cae8000-7cae9000 r-xp 00000000 08:01 729719     /usr/lib/locale/en_CA.utf8/LC_TELEPHONE
7cae9000-7cbcf000 r-xp 00000000 08:11 15716      /media/My Passport/Jacek/Dev/javabuilders/org.javabuilders.gtk/lib/libgtkjni-4.0.11.so
7cbcf000-7cbd0000 r-xp 000e5000 08:11 15716      /media/My Passport/Jacek/Dev/javabuilders/org.javabuilders.gtk/lib/libgtkjni-4.0.11.so
7cbd0000-7cbd4000 rwxp 000e6000 08:11 15716      /media/My Passport/Jacek/Dev/javabuilders/org.javabuilders.gtk/lib/libgtkjni-4.0.11.so
7cbd4000-7cbfb000 r-xs 00122000 08:11 15693      /media/My Passport/Jacek/Dev/javabuilders/org.javabuilders.gtk/lib/gtk-4.0.jar
7cbfb000-7cbfe000 r-xs 00129000 08:11 1341       /media/My Passport/Jacek/Dev/javabuilders/AudioLord/lib/sqlitejdbc-v054-pure.jar
7cbfe000-7cc00000 r-xs 00001000 08:11 147824     /media/My Passport/Jacek/Dev/javabuilders/AudioLord/lib/slf4j-jdk14-1.5.6.jar
7cc00000-7cd00000 rwxp 7cc00000 00:00 0 
7cd00000-7cd01000 r-xp 00000000 08:01 731021     /usr/lib/locale/en_CA.utf8/LC_MEASUREMENT
7cd01000-7cd0b000 r-xs 00107000 08:11 147818     /media/My Passport/Jacek/Dev/javabuilders/AudioLord/lib/h2-1.1.104.jar
7cd0b000-7cd17000 r-xs 000a9000 08:11 147819     /media/My Passport/Jacek/Dev/javabuilders/AudioLord/lib/jaudiotagger.jar
7cd17000-7cd1c000 r-xs 00026000 08:11 147414     /media/My Passport/Jacek/Dev/javabuilders/org.javabuilders.core/lib/jvyaml.jar
7cd1c000-7cd1f000 r-xs 0001a000 08:01 3047489    /home/jacek/Dev/Java/IDE/eclipse/plugins/org.junit4_4.3.1/junit.jar
7cd1f000-7cd20000 ---p 7cd1f000 00:00 0 
7cd20000-7cda0000 rwxp 7cd20000 00:00 0 
7cda0000-7cda3000 ---p 7cda0000 00:00 0 
7cda3000-7cdf1000 rwxp 7cda3000 00:00 0 
7cdf1000-7cdf4000 ---p 7cdf1000 00:00 0 
7cdf4000-7ce72000 rwxp 7cdf4000 00:00 0 
7ce72000-7ce75000 ---p 7ce72000 00:00 0 
7ce75000-7cef3000 rwxp 7ce75000 00:00 0 
7cef3000-7cef6000 ---p 7cef3000 00:00 0 
7cef6000-7cf44000 rwxp 7cef6000 00:00 0 
7cf44000-7cf4b000 r-xs 00000000 08:01 3629382    /usr/lib/gconv/gconv-modules.cache
7cf4b000-7cf4e000 ---p 7cf4b000 00:00 0 
7cf4e000-7cf9c000 rwxp 7cf4e000 00:00 0 
7cf9c000-7cf9f000 ---p 7cf9c000 00:00 0 
7cf9f000-7cfed000 rwxp 7cf9f000 00:00 0 
7cfed000-7cfee000 ---p 7cfed000 00:00 0 
7cfee000-7d06e000 rwxp 7cfee000 00:00 0 
7d06e000-7d200000 r-xs 02f2c000 08:01 2703684    /home/jacek/Dev/Java/JDK/jdk1.6.0_12/jre/lib/rt.jar
7d200000-7d2ff000 rwxp 7d200000 00:00 0 
7d2ff000-7d300000 ---p 7d2ff000 00:00 0 
7d300000-7d302000 r-xs 00004000 08:11 147823     /media/My Passport/Jacek/Dev/javabuilders/AudioLord/lib/slf4j-api-1.5.6.jar
7d302000-7d304000 r-xs 0000e000 08:11 147413     /media/My Passport/Jacek/Dev/javabuilders/org.javabuilders.core/lib/jakarta-oro-2.0.8.jar
7d304000-7d343000 r-xp 00000000 08:01 729539     /usr/lib/locale/en_CA.utf8/LC_CTYPE
7d343000-7d376000 rwxp 7d343000 00:00 0 
7d376000-7d377000 ---p 7d376000 00:00 0 
7d377000-7d3f7000 rwxp 7d377000 00:00 0 
7d3f7000-7d3f8000 ---p 7d3f7000 00:00 0 
7d3f8000-7d480000 rwxp 7d3f8000 00:00 0 
7d480000-7d498000 rwxp 7d480000 00:00 0 
7d498000-7d4af000 rwxp 7d498000 00:00 0 
7d4af000-7d605000 rwxp 7d4af000 00:00 0 
7d605000-7d60d000 rwxp 7d605000 00:00 0 
7d60d000-7d625000 rwxp 7d60d000 00:00 0 
7d625000-7d63c000 rwxp 7d625000 00:00 0 
7d63c000-7d791000 rwxp 7d63c000 00:00 0 
7d791000-7d795000 rwxp 7d791000 00:00 0 
7d795000-7d7bf000 rwxp 7d795000 00:00 0 
7d7bf000-7e7c0000 rwxp 7d7bf000 00:00 0 
7e7c0000-817c0000 rwxp 7e7c0000 00:00 0 
817c0000-84540000 rwxp 817c0000 00:00 0 
84540000-af0b0000 rwxp 84540000 00:00 0 
af0b0000-af660000 rwxp af0b0000 00:00 0 
af660000-b4bc0000 rwxp af660000 00:00 0 
b4bc0000-b4bc9000 rwxp b4bc0000 00:00 0 
b4bc9000-b4c80000 rwxp b4bc9000 00:00 0 
b4c80000-b4ec0000 rwxp b4c80000 00:00 0 
b4ec0000-b7c80000 rwxp b4ec0000 00:00 0 
b7c80000-b7c8f000 r-xp 00000000 08:01 2703601    /home/jacek/Dev/Java/JDK/jdk1.6.0_12/jre/lib/i386/libzip.so
b7c8f000-b7c91000 rwxp 0000e000 08:01 2703601    /home/jacek/Dev/Java/JDK/jdk1.6.0_12/jre/lib/i386/libzip.so
b7c91000-b7cb4000 r-xp 00000000 08:01 2703599    /home/jacek/Dev/Java/JDK/jdk1.6.0_12/jre/lib/i386/libjava.so
b7cb4000-b7cb6000 rwxp 00023000 08:01 2703599    /home/jacek/Dev/Java/JDK/jdk1.6.0_12/jre/lib/i386/libjava.so
b7cb6000-b7cc0000 r-xp 00000000 08:01 4039309    /lib/tls/i686/cmov/libnss_files-2.9.so
b7cc0000-b7cc1000 r-xp 00009000 08:01 4039309    /lib/tls/i686/cmov/libnss_files-2.9.so
b7cc1000-b7cc2000 rwxp 0000a000 08:01 4039309    /lib/tls/i686/cmov/libnss_files-2.9.so
b7cc2000-b7ccb000 r-xp 00000000 08:01 4039311    /lib/tls/i686/cmov/libnss_nis-2.9.so
b7ccb000-b7ccc000 r-xp 00008000 08:01 4039311    /lib/tls/i686/cmov/libnss_nis-2.9.so
b7ccc000-b7ccd000 rwxp 00009000 08:01 4039311    /lib/tls/i686/cmov/libnss_nis-2.9.so
b7ccd000-b7ce2000 r-xp 00000000 08:01 4039306    /lib/tls/i686/cmov/libnsl-2.9.so
b7ce2000-b7ce3000 r-xp 00014000 08:01 4039306    /lib/tls/i686/cmov/libnsl-2.9.so
b7ce3000-b7ce4000 rwxp 00015000 08:01 4039306    /lib/tls/i686/cmov/libnsl-2.9.so
b7ce4000-b7ce6000 rwxp b7ce4000 00:00 0 
b7ce6000-b7ce7000 r-xp 00000000 08:01 729721     /usr/lib/locale/en_CA.utf8/LC_IDENTIFICATION
b7ce7000-b7cea000 r-xs 0001f000 08:11 147412     /media/My Passport/Jacek/Dev/javabuilders/org.javabuilders.core/lib/commons-validator-1.3.1.jar
b7cea000-b7cf5000 r-xp 00000000 08:01 2703598    /home/jacek/Dev/Java/JDK/jdk1.6.0_12/jre/lib/i386/libverify.so
b7cf5000-b7cf6000 rwxp 0000b000 08:01 2703598    /home/jacek/Dev/Java/JDK/jdk1.6.0_12/jre/lib/i386/libverify.so
b7cf6000-b7cfe000 rwxs 00000000 08:01 1843362    /tmp/hsperfdata_jacek/3059
b7cfe000-b7d05000 r-xp 00000000 08:01 4039316    /lib/tls/i686/cmov/librt-2.9.so
b7d05000-b7d06000 r-xp 00006000 08:01 4039316    /lib/tls/i686/cmov/librt-2.9.so
b7d06000-b7d07000 rwxp 00007000 08:01 4039316    /lib/tls/i686/cmov/librt-2.9.so
b7d07000-b7d0a000 ---p b7d07000 00:00 0 
b7d0a000-b7d58000 rwxp b7d0a000 00:00 0 
b7d58000-b7d7c000 r-xp 00000000 08:01 4039304    /lib/tls/i686/cmov/libm-2.9.so
b7d7c000-b7d7d000 r-xp 00023000 08:01 4039304    /lib/tls/i686/cmov/libm-2.9.so
b7d7d000-b7d7e000 rwxp 00024000 08:01 4039304    /lib/tls/i686/cmov/libm-2.9.so
b7d7e000-b7d7f000 rwxp b7d7e000 00:00 0 
b7d7f000-b7edb000 r-xp 00000000 08:01 4039300    /lib/tls/i686/cmov/libc-2.9.so
b7edb000-b7edc000 ---p 0015c000 08:01 4039300    /lib/tls/i686/cmov/libc-2.9.so
b7edc000-b7ede000 r-xp 0015c000 08:01 4039300    /lib/tls/i686/cmov/libc-2.9.so
b7ede000-b7edf000 rwxp 0015e000 08:01 4039300    /lib/tls/i686/cmov/libc-2.9.so
b7edf000-b7ee2000 rwxp b7edf000 00:00 0 
b7ee2000-b7ee4000 r-xp 00000000 08:01 4039303    /lib/tls/i686/cmov/libdl-2.9.so
b7ee4000-b7ee5000 r-xp 00001000 08:01 4039303    /lib/tls/i686/cmov/libdl-2.9.so
b7ee5000-b7ee6000 rwxp 00002000 08:01 4039303    /lib/tls/i686/cmov/libdl-2.9.so
b7ee6000-b7eed000 r-xp 00000000 08:01 2711554    /home/jacek/Dev/Java/JDK/jdk1.6.0_12/jre/lib/i386/jli/libjli.so
b7eed000-b7eef000 rwxp 00006000 08:01 2711554    /home/jacek/Dev/Java/JDK/jdk1.6.0_12/jre/lib/i386/jli/libjli.so
b7eef000-b7f04000 r-xp 00000000 08:01 4039314    /lib/tls/i686/cmov/libpthread-2.9.so
b7f04000-b7f05000 r-xp 00014000 08:01 4039314    /lib/tls/i686/cmov/libpthread-2.9.so
b7f05000-b7f06000 rwxp 00015000 08:01 4039314    /lib/tls/i686/cmov/libpthread-2.9.so
b7f06000-b7f09000 rwxp b7f06000 00:00 0 
b7f09000-b7f0a000 r-xs 00007000 08:11 147822     /media/My Passport/Jacek/Dev/javabuilders/AudioLord/lib/persist-1.1.jar
b7f0a000-b7f0b000 r-xs 0000c000 08:11 147411     /media/My Passport/Jacek/Dev/javabuilders/org.javabuilders.core/lib/commons-logging-1.1.jar
b7f0b000-b7f0f000 r-xs 00026000 08:11 147410     /media/My Passport/Jacek/Dev/javabuilders/org.javabuilders.core/lib/commons-beanutils-core.jar
b7f0f000-b7f16000 r-xp 00000000 08:01 4039307    /lib/tls/i686/cmov/libnss_compat-2.9.so
b7f16000-b7f17000 r-xp 00006000 08:01 4039307    /lib/tls/i686/cmov/libnss_compat-2.9.so
b7f17000-b7f18000 rwxp 00007000 08:01 4039307    /lib/tls/i686/cmov/libnss_compat-2.9.so
b7f18000-b7f1e000 r-xp 00000000 08:01 2703585    /home/jacek/Dev/Java/JDK/jdk1.6.0_12/jre/lib/i386/native_threads/libhpi.so
b7f1e000-b7f1f000 rwxp 00006000 08:01 2703585    /home/jacek/Dev/Java/JDK/jdk1.6.0_12/jre/lib/i386/native_threads/libhpi.so
b7f1f000-b7f20000 rwxp b7f1f000 00:00 0 
b7f20000-b7f21000 r-xp b7f20000 00:00 0 
b7f21000-b7f23000 rwxp b7f21000 00:00 0 
b7f23000-b7f24000 r-xp b7f23000 00:00 0          [vdso]
b7f24000-b7f40000 r-xp 00000000 08:01 4022295    /lib/ld-2.9.so
b7f40000-b7f41000 r-xp 0001b000 08:01 4022295    /lib/ld-2.9.so
b7f41000-b7f42000 rwxp 0001c000 08:01 4022295    /lib/ld-2.9.so
bfd2d000-bfd42000 rwxp bffeb000 00:00 0          [stack]

VM Arguments:
jvm_args: -Djava.library.path=/media/My Passport/Jacek/Dev/javabuilders/org.javabuilders.gtk/lib -Dfile.encoding=UTF-8 
java_command: org.audiolord.AudioLord
Launcher Type: SUN_STANDARD

Environment Variables:
PATH=/usr/local/sbin:/usr/local/bin:/usr/sbin:/usr/bin:/sbin:/bin:/usr/games
USERNAME=jacek
LD_LIBRARY_PATH=/home/jacek/Dev/Java/JDK/jdk1.6.0_12/jre/lib/i386/server:/home/jacek/Dev/Java/JDK/jdk1.6.0_12/jre/lib/i386:/home/jacek/Dev/Java/JDK/jdk1.6.0_12/jre/../lib/i386:/usr/lib/jvm/java-6-openjdk/jre/lib/i386/client:/usr/lib/jvm/java-6-openjdk/jre/lib/i386:/usr/lib/xulrunner-addons:/usr/lib/xulrunner-addons
SHELL=/bin/bash
DISPLAY=:0.0

Signal Handlers:
SIGSEGV: [libjvm.so+0x6071f0], sa_mask[0]=0x7ffbfeff, sa_flags=0x10000004
SIGBUS: [libjvm.so+0x6071f0], sa_mask[0]=0x7ffbfeff, sa_flags=0x10000004
SIGFPE: [libjvm.so+0x5048b0], sa_mask[0]=0x7ffbfeff, sa_flags=0x10000004
SIGPIPE: [libjvm.so+0x5048b0], sa_mask[0]=0x7ffbfeff, sa_flags=0x10000004
SIGXFSZ: [libjvm.so+0x5048b0], sa_mask[0]=0x7ffbfeff, sa_flags=0x10000004
SIGILL: [libjvm.so+0x5048b0], sa_mask[0]=0x7ffbfeff, sa_flags=0x10000004
SIGUSR1: SIG_DFL, sa_mask[0]=0x00000000, sa_flags=0x00000000
SIGUSR2: [libjvm.so+0x506d80], sa_mask[0]=0x00000004, sa_flags=0x10000004
SIGHUP: [libjvm.so+0x506b20], sa_mask[0]=0x7ffbfeff, sa_flags=0x10000004
SIGINT: [libjvm.so+0x506b20], sa_mask[0]=0x7ffbfeff, sa_flags=0x10000004
SIGTERM: [libjvm.so+0x506b20], sa_mask[0]=0x7ffbfeff, sa_flags=0x10000004
SIGQUIT: [libjvm.so+0x506b20], sa_mask[0]=0x7ffbfeff, sa_flags=0x10000004


---------------  S Y S T E M  ---------------

OS:5.0

uname:Linux 2.6.28-11-generic #42-Ubuntu SMP Fri Apr 17 01:57:59 UTC 2009 i686
libc:glibc 2.9 NPTL 2.9 
rlimit: STACK 8192k, CORE 0k, NPROC infinity, NOFILE 1024, AS infinity
load average:0.18 0.14 0.11

CPU:total 2 (2 cores per cpu, 1 threads per core) family 6 model 7 stepping 10, cmov, cx8, fxsr, mmx, sse, sse2, sse3, ssse3

Memory: 4k page, physical 3353668k(257180k free), swap 3229024k(2924372k free)

vm_info: Java HotSpot(TM) Server VM (11.2-b01) for linux-x86 JRE (1.6.0_12-b04), built on Jan 17 2009 01:47:24 by "java_re" with gcc 3.2.1-7a (J2SE release)

time: Fri May 15 09:34:53 2009
elapsed time: 0 seconds

