#
# An unexpected error has been detected by Java Runtime Environment:
#
#  SIGSEGV (0xb) at pc=0x063966c3, pid=3019, tid=3084700560
#
# Java VM: Java HotSpot(TM) Server VM (11.2-b01 mixed mode linux-x86)
# Problematic frame:
# V  [libjvm.so+0x3966c3]
#
# If you would like to submit a bug report, please visit:
#   http://java.sun.com/webapps/bugreport/crash.jsp
#

---------------  T H R E A D  ---------------

Current thread (0x091ee800):  JavaThread "main" [_thread_in_vm, id=3024, stack(0xb7d7c000,0xb7dcd000)]

siginfo:si_signo=SIGSEGV: si_errno=0, si_code=1 (SEGV_MAPERR), si_addr=0x00000000

Registers:
EAX=0x00000000, EBX=0x091ed1c8, ECX=0x000b7dcb, EDX=0x091ee800
ESP=0xb7dcbe74, EBP=0xb7dcbed8, ESI=0x00000ffc, EDI=0x091eec00
EIP=0x063966c3, CR2=0x00000000, EFLAGS=0x00210296

Top of Stack: (sp=0xb7dcbe74)
0xb7dcbe74:   091ef040 00000000 00000000 091ed1c8
0xb7dcbe84:   091eec00 091eec08 091eeff4 091ee800
0xb7dcbe94:   00000000 7cbb44f0 00000001 091ee800
0xb7dcbea4:   fffffffe b4cf7608 b7dcbebc 091ee800
0xb7dcbeb4:   7dc3f218 091ee800 b7dcbf0c 06372d7d
0xb7dcbec4:   091ef00c b7dcbedf 7cbfbff4 7dc3f214
0xb7dcbed4:   091ee800 b7dcbf18 7cbb4524 091ee914
0xb7dcbee4:   00000000 00000000 091ef050 091ef050 

Instructions: (pc=0x063966c3)
0x063966b3:   ac 8b 43 08 89 45 b0 8b 43 0c 89 45 b4 8b 45 0c
0x063966c3:   8b 00 50 e8 35 02 fe ff 83 ec 0c 89 c6 50 e8 72 

Stack: [0xb7d7c000,0xb7dcd000],  sp=0xb7dcbe74,  free space=319k
Native frames: (J=compiled Java code, j=interpreted, Vv=VM code, C=native code)
V  [libjvm.so+0x3966c3]
C  [libgtkjni-4.0.11.so+0x9f524]  Java_org_gnome_glib_GValue_g_1value_1init__Ljava_lang_String_2+0x34
j  org.gnome.glib.GValue.g_value_init(Ljava/lang/String;)J+0
j  org.gnome.glib.GValue.createValue(Ljava/lang/String;)J+1
j  org.gnome.glib.Value.<init>(Ljava/lang/String;)V+2
j  org.gnome.glib.Object.setPropertyString(Ljava/lang/String;Ljava/lang/String;)V+7
j  org.gnome.gtk.MessageDialog.<init>(Lorg/gnome/gtk/Window;ZLorg/gnome/gtk/MessageType;Lorg/gnome/gtk/ButtonsType;Ljava/lang/String;)V+30
j  org.audiolord.AudioLord.main([Ljava/lang/String;)V+70
v  ~StubRoutines::call_stub
V  [libjvm.so+0x375c9d]
V  [libjvm.so+0x5057f8]
V  [libjvm.so+0x375b30]
V  [libjvm.so+0x39f2e6]
V  [libjvm.so+0x390ae8]
C  [java+0x1b98]  JavaMain+0x2c8
C  [libpthread.so.0+0x64ff]

Java frames: (J=compiled Java code, j=interpreted, Vv=VM code)
j  org.gnome.glib.GValue.g_value_init(Ljava/lang/String;)J+0
j  org.gnome.glib.GValue.createValue(Ljava/lang/String;)J+1
j  org.gnome.glib.Value.<init>(Ljava/lang/String;)V+2
j  org.gnome.glib.Object.setPropertyString(Ljava/lang/String;Ljava/lang/String;)V+7
j  org.gnome.gtk.MessageDialog.<init>(Lorg/gnome/gtk/Window;ZLorg/gnome/gtk/MessageType;Lorg/gnome/gtk/ButtonsType;Ljava/lang/String;)V+30
j  org.audiolord.AudioLord.main([Ljava/lang/String;)V+70
v  ~StubRoutines::call_stub

---------------  P R O C E S S  ---------------

Java Threads: ( => current thread )
  0x0928d400 JavaThread "Low Memory Detector" daemon [_thread_blocked, id=3033, stack(0x7cf14000,0x7cf65000)]
  0x7ce00800 JavaThread "CompilerThread1" daemon [_thread_blocked, id=3032, stack(0x7cf65000,0x7cfe6000)]
  0x0928a400 JavaThread "CompilerThread0" daemon [_thread_blocked, id=3031, stack(0x7cfe6000,0x7d067000)]
  0x09288800 JavaThread "Signal Dispatcher" daemon [_thread_blocked, id=3030, stack(0x7d067000,0x7d0b8000)]
  0x09277c00 JavaThread "Finalizer" daemon [_thread_blocked, id=3029, stack(0x7d0fe000,0x7d14f000)]
  0x09273000 JavaThread "Reference Handler" daemon [_thread_blocked, id=3028, stack(0x7d14f000,0x7d1a0000)]
=>0x091ee800 JavaThread "main" [_thread_in_vm, id=3024, stack(0xb7d7c000,0xb7dcd000)]

Other Threads:
  0x0926f800 VMThread [stack: 0x7d1a0000,0x7d221000] [id=3027]
  0x0928f000 WatcherThread [stack: 0x7cd7f000,0x7ce00000] [id=3034]

VM state:not at safepoint (normal execution)

VM Mutex/Monitor currently owned by a thread: None

Heap
 PSYoungGen      total 5120K, used 3879K [0xaf120000, 0xaf6d0000, 0xb4c30000)
  eden space 4416K, 81% used [0xaf120000,0xaf4a1dd0,0xaf570000)
  from space 704K, 40% used [0xaf570000,0xaf5b8040,0xaf620000)
  to   space 704K, 0% used [0xaf620000,0xaf620000,0xaf6d0000)
 PSOldGen        total 46592K, used 0K [0x81830000, 0x845b0000, 0xaf120000)
  object space 46592K, 0% used [0x81830000,0x81830000,0x845b0000)
 PSPermGen       total 16384K, used 4167K [0x7d830000, 0x7e830000, 0x81830000)
  object space 16384K, 25% used [0x7d830000,0x7dc41e70,0x7e830000)

Dynamic libraries:
06000000-06676000 r-xp 00000000 08:01 2703587    /home/jacek/Dev/Java/JDK/jdk1.6.0_12/jre/lib/i386/server/libjvm.so
06676000-066bb000 rwxp 00675000 08:01 2703587    /home/jacek/Dev/Java/JDK/jdk1.6.0_12/jre/lib/i386/server/libjvm.so
066bb000-06add000 rwxp 066bb000 00:00 0 
08048000-08052000 r-xp 00000000 08:01 2719896    /home/jacek/Dev/Java/JDK/jdk1.6.0_12/bin/java
08052000-08053000 rwxp 00009000 08:01 2719896    /home/jacek/Dev/Java/JDK/jdk1.6.0_12/bin/java
091e8000-09406000 rwxp 091e8000 00:00 0          [heap]
7be1b000-7be3b000 r-xp 00000000 08:01 729476     /usr/lib/gtk-2.0/2.10.0/engines/libmurrine.so
7be3b000-7be3c000 r-xp 00020000 08:01 729476     /usr/lib/gtk-2.0/2.10.0/engines/libmurrine.so
7be3c000-7be3d000 rwxp 00021000 08:01 729476     /usr/lib/gtk-2.0/2.10.0/engines/libmurrine.so
7be3d000-7be44000 r-xp 00000000 08:01 705001     /usr/lib/libltdl.so.7.2.0
7be44000-7be45000 r-xp 00006000 08:01 705001     /usr/lib/libltdl.so.7.2.0
7be45000-7be46000 rwxp 00007000 08:01 705001     /usr/lib/libltdl.so.7.2.0
7be46000-7be52000 r-xp 00000000 08:01 704629     /usr/lib/libtdb.so.1.1.3
7be52000-7be53000 r-xp 0000b000 08:01 704629     /usr/lib/libtdb.so.1.1.3
7be53000-7be54000 rwxp 0000c000 08:01 704629     /usr/lib/libtdb.so.1.1.3
7be54000-7be58000 r-xp 00000000 08:01 707849     /usr/lib/libogg.so.0.5.3
7be58000-7be59000 r-xp 00003000 08:01 707849     /usr/lib/libogg.so.0.5.3
7be59000-7be5a000 rwxp 00004000 08:01 707849     /usr/lib/libogg.so.0.5.3
7be5a000-7be75000 r-xp 00000000 08:01 708067     /usr/lib/libvorbis.so.0.4.0
7be75000-7be76000 r-xp 0001a000 08:01 708067     /usr/lib/libvorbis.so.0.4.0
7be76000-7be84000 rwxp 0001b000 08:01 708067     /usr/lib/libvorbis.so.0.4.0
7be84000-7be8b000 r-xp 00000000 08:01 708071     /usr/lib/libvorbisfile.so.3.2.0
7be8b000-7be8c000 r-xp 00006000 08:01 708071     /usr/lib/libvorbisfile.so.3.2.0
7be8c000-7be8d000 rwxp 00007000 08:01 708071     /usr/lib/libvorbisfile.so.3.2.0
7be8d000-7be9a000 r-xp 00000000 08:01 705922     /usr/lib/libcanberra.so.0.1.4
7be9a000-7be9b000 r-xp 0000d000 08:01 705922     /usr/lib/libcanberra.so.0.1.4
7be9b000-7be9c000 rwxp 0000e000 08:01 705922     /usr/lib/libcanberra.so.0.1.4
7beb0000-7beb1000 r-xp 00000000 08:01 557324     /usr/share/locale-langpack/en_CA/LC_MESSAGES/atk10.mo
7beb1000-7beb4000 r-xs 000cb000 08:01 2703671    /home/jacek/Dev/Java/JDK/jdk1.6.0_12/jre/lib/ext/localedata.jar
7beb4000-7bf9f000 r-xp 00000000 08:01 729707     /usr/lib/locale/en_CA.utf8/LC_COLLATE
7bf9f000-7bfa3000 r-xp 00000000 08:01 707174     /usr/lib/libXdmcp.so.6.0.0
7bfa3000-7bfa4000 rwxp 00003000 08:01 707174     /usr/lib/libXdmcp.so.6.0.0
7bfa4000-7bfa6000 r-xp 00000000 08:01 706881     /usr/lib/libXau.so.6.0.0
7bfa6000-7bfa7000 r-xp 00001000 08:01 706881     /usr/lib/libXau.so.6.0.0
7bfa7000-7bfa8000 rwxp 00002000 08:01 706881     /usr/lib/libXau.so.6.0.0
7bfa8000-7bfcc000 r-xp 00000000 08:01 707416     /usr/lib/libexpat.so.1.5.2
7bfcc000-7bfce000 r-xp 00023000 08:01 707416     /usr/lib/libexpat.so.1.5.2
7bfce000-7bfcf000 rwxp 00025000 08:01 707416     /usr/lib/libexpat.so.1.5.2
7bfcf000-7bfe7000 r-xp 00000000 08:01 3875016    /usr/lib/libxcb.so.1.1.0
7bfe7000-7bfe8000 r-xp 00017000 08:01 3875016    /usr/lib/libxcb.so.1.1.0
7bfe8000-7bfe9000 rwxp 00018000 08:01 3875016    /usr/lib/libxcb.so.1.1.0
7bfe9000-7bfef000 r-xp 00000000 08:01 706220     /usr/lib/libxcb-render.so.0.0.0
7bfef000-7bff0000 r-xp 00005000 08:01 706220     /usr/lib/libxcb-render.so.0.0.0
7bff0000-7bff1000 rwxp 00006000 08:01 706220     /usr/lib/libxcb-render.so.0.0.0
7bff1000-7bff4000 r-xp 00000000 08:01 706353     /usr/lib/libxcb-render-util.so.0.0.0
7bff4000-7bff5000 r-xp 00002000 08:01 706353     /usr/lib/libxcb-render-util.so.0.0.0
7bff5000-7bff6000 rwxp 00003000 08:01 706353     /usr/lib/libxcb-render-util.so.0.0.0
7bff6000-7c01a000 r-xp 00000000 08:01 704792     /usr/lib/libpng12.so.0.27.0
7c01a000-7c01b000 r-xp 00023000 08:01 704792     /usr/lib/libpng12.so.0.27.0
7c01b000-7c01c000 rwxp 00024000 08:01 704792     /usr/lib/libpng12.so.0.27.0
7c01c000-7c02f000 r-xp 00000000 08:01 706663     /usr/lib/libdirect-1.0.so.0.1.0
7c02f000-7c030000 r-xp 00012000 08:01 706663     /usr/lib/libdirect-1.0.so.0.1.0
7c030000-7c031000 rwxp 00013000 08:01 706663     /usr/lib/libdirect-1.0.so.0.1.0
7c031000-7c038000 r-xp 00000000 08:01 706769     /usr/lib/libfusion-1.0.so.0.1.0
7c038000-7c039000 r-xp 00006000 08:01 706769     /usr/lib/libfusion-1.0.so.0.1.0
7c039000-7c03a000 rwxp 00007000 08:01 706769     /usr/lib/libfusion-1.0.so.0.1.0
7c03a000-7c09e000 r-xp 00000000 08:01 706763     /usr/lib/libdirectfb-1.0.so.0.1.0
7c09e000-7c09f000 r-xp 00063000 08:01 706763     /usr/lib/libdirectfb-1.0.so.0.1.0
7c09f000-7c0a0000 rwxp 00064000 08:01 706763     /usr/lib/libdirectfb-1.0.so.0.1.0
7c0a0000-7c0e0000 r-xp 00000000 08:01 706216     /usr/lib/libpixman-1.so.0.13.2
7c0e0000-7c0e2000 r-xp 0003f000 08:01 706216     /usr/lib/libpixman-1.so.0.13.2
7c0e2000-7c0e3000 rwxp 00041000 08:01 706216     /usr/lib/libpixman-1.so.0.13.2
7c0e3000-7c0fb000 r-xp 00000000 08:01 4022289    /lib/libselinux.so.1
7c0fb000-7c0fc000 r-xp 00017000 08:01 4022289    /lib/libselinux.so.1
7c0fc000-7c0fd000 rwxp 00018000 08:01 4022289    /lib/libselinux.so.1
7c0fd000-7c111000 r-xp 00000000 08:01 4022814    /lib/libz.so.1.2.3.3
7c111000-7c112000 r-xp 00013000 08:01 4022814    /lib/libz.so.1.2.3.3
7c112000-7c113000 rwxp 00014000 08:01 4022814    /lib/libz.so.1.2.3.3
7c113000-7c117000 r-xp 00000000 08:01 707180     /usr/lib/libXfixes.so.3.1.0
7c117000-7c118000 rwxp 00003000 08:01 707180     /usr/lib/libXfixes.so.3.1.0
7c118000-7c11a000 r-xp 00000000 08:01 707172     /usr/lib/libXdamage.so.1.1.0
7c11a000-7c11b000 rwxp 00001000 08:01 707172     /usr/lib/libXdamage.so.1.1.0
7c11b000-7c11d000 r-xp 00000000 08:01 707168     /usr/lib/libXcomposite.so.1.0.0
7c11d000-7c11e000 r-xp 00001000 08:01 707168     /usr/lib/libXcomposite.so.1.0.0
7c11e000-7c11f000 rwxp 00002000 08:01 707168     /usr/lib/libXcomposite.so.1.0.0
7c11f000-7c209000 r-xp 00000000 08:01 707142     /usr/lib/libX11.so.6.2.0
7c209000-7c20a000 ---p 000ea000 08:01 707142     /usr/lib/libX11.so.6.2.0
7c20a000-7c20b000 r-xp 000ea000 08:01 707142     /usr/lib/libX11.so.6.2.0
7c20b000-7c20d000 rwxp 000eb000 08:01 707142     /usr/lib/libX11.so.6.2.0
7c20d000-7c20e000 rwxp 7c20d000 00:00 0 
7c20e000-7c216000 r-xp 00000000 08:01 707170     /usr/lib/libXcursor.so.1.0.2
7c216000-7c217000 rwxp 00007000 08:01 707170     /usr/lib/libXcursor.so.1.0.2
7c217000-7c21d000 r-xp 00000000 08:01 707622     /usr/lib/libXrandr.so.2.2.0
7c21d000-7c21e000 r-xp 00006000 08:01 707622     /usr/lib/libXrandr.so.2.2.0
7c21e000-7c21f000 rwxp 00007000 08:01 707622     /usr/lib/libXrandr.so.2.2.0
7c21f000-7c227000 r-xp 00000000 08:01 707619     /usr/lib/libXi.so.6.0.0
7c227000-7c228000 r-xp 00007000 08:01 707619     /usr/lib/libXi.so.6.0.0
7c228000-7c229000 rwxp 00008000 08:01 707619     /usr/lib/libXi.so.6.0.0
7c229000-7c22b000 r-xp 00000000 08:01 707188     /usr/lib/libXinerama.so.1.0.0
7c22b000-7c22c000 rwxp 00001000 08:01 707188     /usr/lib/libXinerama.so.1.0.0
7c22c000-7c234000 r-xp 00000000 08:01 707200     /usr/lib/libXrender.so.1.3.0
7c234000-7c235000 r-xp 00007000 08:01 707200     /usr/lib/libXrender.so.1.3.0
7c235000-7c236000 rwxp 00008000 08:01 707200     /usr/lib/libXrender.so.1.3.0
7c236000-7c244000 r-xp 00000000 08:01 704631     /usr/lib/libXext.so.6.4.0
7c244000-7c245000 r-xp 0000d000 08:01 704631     /usr/lib/libXext.so.6.4.0
7c245000-7c246000 rwxp 0000e000 08:01 704631     /usr/lib/libXext.so.6.4.0
7c246000-7c276000 r-xp 00000000 08:01 4022858    /lib/libpcre.so.3.12.1
7c276000-7c277000 r-xp 0002f000 08:01 4022858    /lib/libpcre.so.3.12.1
7c277000-7c278000 rwxp 00030000 08:01 4022858    /lib/libpcre.so.3.12.1
7c278000-7c32e000 r-xp 00000000 08:01 706515     /usr/lib/libglib-2.0.so.0.2000.1
7c32e000-7c32f000 r-xp 000b5000 08:01 706515     /usr/lib/libglib-2.0.so.0.2000.1
7c32f000-7c330000 rwxp 000b6000 08:01 706515     /usr/lib/libglib-2.0.so.0.2000.1
7c330000-7c36c000 r-xp 00000000 08:01 706517     /usr/lib/libgobject-2.0.so.0.2000.1
7c36c000-7c36d000 r-xp 0003b000 08:01 706517     /usr/lib/libgobject-2.0.so.0.2000.1
7c36d000-7c36e000 rwxp 0003c000 08:01 706517     /usr/lib/libgobject-2.0.so.0.2000.1
7c36e000-7c399000 r-xp 00000000 08:01 705418     /usr/lib/libfontconfig.so.1.3.0
7c399000-7c39a000 r-xp 0002a000 08:01 705418     /usr/lib/libfontconfig.so.1.3.0
7c39a000-7c39b000 rwxp 0002b000 08:01 705418     /usr/lib/libfontconfig.so.1.3.0
7c39b000-7c40d000 r-xp 00000000 08:01 704537     /usr/lib/libfreetype.so.6.3.20
7c40d000-7c411000 r-xp 00071000 08:01 704537     /usr/lib/libfreetype.so.6.3.20
7c411000-7c412000 rwxp 00075000 08:01 704537     /usr/lib/libfreetype.so.6.3.20
7c412000-7c452000 r-xp 00000000 08:01 707586     /usr/lib/libpango-1.0.so.0.2400.1
7c452000-7c453000 ---p 00040000 08:01 707586     /usr/lib/libpango-1.0.so.0.2400.1
7c453000-7c454000 r-xp 00040000 08:01 707586     /usr/lib/libpango-1.0.so.0.2400.1
7c454000-7c455000 rwxp 00041000 08:01 707586     /usr/lib/libpango-1.0.so.0.2400.1
7c455000-7c4cc000 r-xp 00000000 08:01 706358     /usr/lib/libcairo.so.2.10800.6
7c4cc000-7c4ce000 r-xp 00076000 08:01 706358     /usr/lib/libcairo.so.2.10800.6
7c4ce000-7c4cf000 rwxp 00078000 08:01 706358     /usr/lib/libcairo.so.2.10800.6
7c4cf000-7c53a000 r-xp 00000000 08:01 705731     /usr/lib/libgio-2.0.so.0.2000.1
7c53a000-7c53b000 ---p 0006b000 08:01 705731     /usr/lib/libgio-2.0.so.0.2000.1
7c53b000-7c53c000 r-xp 0006b000 08:01 705731     /usr/lib/libgio-2.0.so.0.2000.1
7c53c000-7c53d000 rwxp 0006c000 08:01 705731     /usr/lib/libgio-2.0.so.0.2000.1
7c53d000-7c555000 r-xp 00000000 08:01 707709     /usr/lib/libgdk_pixbuf-2.0.so.0.1600.1
7c555000-7c556000 r-xp 00017000 08:01 707709     /usr/lib/libgdk_pixbuf-2.0.so.0.1600.1
7c556000-7c557000 rwxp 00018000 08:01 707709     /usr/lib/libgdk_pixbuf-2.0.so.0.1600.1
7c557000-7c57e000 r-xp 00000000 08:01 707590     /usr/lib/libpangoft2-1.0.so.0.2400.1
7c57e000-7c57f000 r-xp 00026000 08:01 707590     /usr/lib/libpangoft2-1.0.so.0.2400.1
7c57f000-7c580000 rwxp 00027000 08:01 707590     /usr/lib/libpangoft2-1.0.so.0.2400.1
7c580000-7c599000 r-xp 00000000 08:01 706794     /usr/lib/libatk-1.0.so.0.2609.1
7c599000-7c59a000 r-xp 00019000 08:01 706794     /usr/lib/libatk-1.0.so.0.2609.1
7c59a000-7c59b000 rwxp 0001a000 08:01 706794     /usr/lib/libatk-1.0.so.0.2609.1
7c59b000-7c624000 r-xp 00000000 08:01 707698     /usr/lib/libgdk-x11-2.0.so.0.1600.1
7c624000-7c625000 ---p 00089000 08:01 707698     /usr/lib/libgdk-x11-2.0.so.0.1600.1
7c625000-7c627000 r-xp 00089000 08:01 707698     /usr/lib/libgdk-x11-2.0.so.0.1600.1
7c627000-7c628000 rwxp 0008b000 08:01 707698     /usr/lib/libgdk-x11-2.0.so.0.1600.1
7c628000-7c75d000 r-xp 00000000 08:01 3875394    /usr/lib/libxml2.so.2.6.32
7c75d000-7c75e000 ---p 00135000 08:01 3875394    /usr/lib/libxml2.so.2.6.32
7c75e000-7c762000 r-xp 00135000 08:01 3875394    /usr/lib/libxml2.so.2.6.32
7c762000-7c763000 rwxp 00139000 08:01 3875394    /usr/lib/libxml2.so.2.6.32
7c763000-7c764000 rwxp 7c763000 00:00 0 
7c764000-7cb0d000 r-xp 00000000 08:01 707696     /usr/lib/libgtk-x11-2.0.so.0.1600.1
7cb0d000-7cb11000 r-xp 003a8000 08:01 707696     /usr/lib/libgtk-x11-2.0.so.0.1600.1
7cb11000-7cb13000 rwxp 003ac000 08:01 707696     /usr/lib/libgtk-x11-2.0.so.0.1600.1
7cb13000-7cb15000 rwxp 7cb13000 00:00 0 
7cb15000-7cbfb000 r-xp 00000000 08:11 15716      /media/My Passport/Jacek/Dev/javabuilders/org.javabuilders.gtk/lib/libgtkjni-4.0.11.so
7cbfb000-7cbfc000 r-xp 000e5000 08:11 15716      /media/My Passport/Jacek/Dev/javabuilders/org.javabuilders.gtk/lib/libgtkjni-4.0.11.so
7cbfc000-7cc00000 rwxp 000e6000 08:11 15716      /media/My Passport/Jacek/Dev/javabuilders/org.javabuilders.gtk/lib/libgtkjni-4.0.11.so
7cc00000-7ccd2000 rwxp 7cc00000 00:00 0 
7ccd2000-7cd00000 ---p 7ccd2000 00:00 0 
7cd02000-7cd05000 r-xp 00000000 08:01 706516     /usr/lib/libgmodule-2.0.so.0.2000.1
7cd05000-7cd06000 r-xp 00002000 08:01 706516     /usr/lib/libgmodule-2.0.so.0.2000.1
7cd06000-7cd07000 rwxp 00003000 08:01 706516     /usr/lib/libgmodule-2.0.so.0.2000.1
7cd07000-7cd11000 r-xp 00000000 08:01 707588     /usr/lib/libpangocairo-1.0.so.0.2400.1
7cd11000-7cd12000 r-xp 00009000 08:01 707588     /usr/lib/libpangocairo-1.0.so.0.2400.1
7cd12000-7cd13000 rwxp 0000a000 08:01 707588     /usr/lib/libpangocairo-1.0.so.0.2400.1
7cd13000-7cd29000 r-xp 00000000 08:01 708287     /usr/lib/libglade-2.0.so.0.0.7
7cd29000-7cd2a000 r-xp 00015000 08:01 708287     /usr/lib/libglade-2.0.so.0.0.7
7cd2a000-7cd2b000 rwxp 00016000 08:01 708287     /usr/lib/libglade-2.0.so.0.0.7
7cd2b000-7cd2f000 r-xp 00000000 08:01 706518     /usr/lib/libgthread-2.0.so.0.2000.1
7cd2f000-7cd30000 r-xp 00003000 08:01 706518     /usr/lib/libgthread-2.0.so.0.2000.1
7cd30000-7cd31000 rwxp 00004000 08:01 706518     /usr/lib/libgthread-2.0.so.0.2000.1
7cd31000-7cd34000 r-xp 00000000 08:01 706074     /usr/lib/libcanberra-gtk.so.0.0.4
7cd34000-7cd35000 r-xp 00002000 08:01 706074     /usr/lib/libcanberra-gtk.so.0.0.4
7cd35000-7cd36000 rwxp 00003000 08:01 706074     /usr/lib/libcanberra-gtk.so.0.0.4
7cd36000-7cd3a000 r-xp 00000000 08:01 1657374    /usr/lib/gtk-2.0/modules/libcanberra-gtk-module.so
7cd3a000-7cd3b000 r-xp 00003000 08:01 1657374    /usr/lib/gtk-2.0/modules/libcanberra-gtk-module.so
7cd3b000-7cd3c000 rwxp 00004000 08:01 1657374    /usr/lib/gtk-2.0/modules/libcanberra-gtk-module.so
7cd3c000-7cd3f000 r-xp 00000000 08:01 557296     /usr/share/locale-langpack/en_CA/LC_MESSAGES/gtk20-properties.mo
7cd3f000-7cd41000 r-xp 00000000 08:01 980282     /usr/share/locale-langpack/en_CA/LC_MESSAGES/gtk20.mo
7cd41000-7cd42000 r-xp 00000000 08:01 731024     /usr/lib/locale/en_CA.utf8/LC_NUMERIC
7cd42000-7cd43000 r-xp 00000000 08:01 729705     /usr/lib/locale/en_CA.utf8/LC_TIME
7cd43000-7cd44000 r-xp 00000000 08:01 729709     /usr/lib/locale/en_CA.utf8/LC_MONETARY
7cd44000-7cd45000 r-xp 00000000 08:01 729711     /usr/lib/locale/en_CA.utf8/LC_MESSAGES/SYS_LC_MESSAGES
7cd45000-7cd46000 r-xp 00000000 08:01 731345     /usr/lib/locale/en_CA.utf8/LC_PAPER
7cd46000-7cd47000 r-xp 00000000 08:01 731075     /usr/lib/locale/en_CA.utf8/LC_NAME
7cd47000-7cd48000 r-xp 00000000 08:01 729713     /usr/lib/locale/en_CA.utf8/LC_ADDRESS
7cd48000-7cd49000 r-xp 00000000 08:01 729719     /usr/lib/locale/en_CA.utf8/LC_TELEPHONE
7cd49000-7cd70000 r-xs 00122000 08:11 15693      /media/My Passport/Jacek/Dev/javabuilders/org.javabuilders.gtk/lib/gtk-4.0.jar
7cd70000-7cd73000 r-xs 00129000 08:11 1341       /media/My Passport/Jacek/Dev/javabuilders/AudioLord/lib/sqlitejdbc-v054-pure.jar
7cd73000-7cd75000 r-xs 00001000 08:11 147824     /media/My Passport/Jacek/Dev/javabuilders/AudioLord/lib/slf4j-jdk14-1.5.6.jar
7cd75000-7cd7f000 r-xs 00107000 08:11 147818     /media/My Passport/Jacek/Dev/javabuilders/AudioLord/lib/h2-1.1.104.jar
7cd7f000-7cd80000 ---p 7cd7f000 00:00 0 
7cd80000-7ce00000 rwxp 7cd80000 00:00 0 
7ce00000-7cef2000 rwxp 7ce00000 00:00 0 
7cef2000-7cf00000 ---p 7cef2000 00:00 0 
7cf00000-7cf01000 r-xp 00000000 08:01 731021     /usr/lib/locale/en_CA.utf8/LC_MEASUREMENT
7cf01000-7cf03000 r-xs 00004000 08:11 147823     /media/My Passport/Jacek/Dev/javabuilders/AudioLord/lib/slf4j-api-1.5.6.jar
7cf03000-7cf0f000 r-xs 000a9000 08:11 147819     /media/My Passport/Jacek/Dev/javabuilders/AudioLord/lib/jaudiotagger.jar
7cf0f000-7cf14000 r-xs 00026000 08:11 147414     /media/My Passport/Jacek/Dev/javabuilders/org.javabuilders.core/lib/jvyaml.jar
7cf14000-7cf17000 ---p 7cf14000 00:00 0 
7cf17000-7cf65000 rwxp 7cf17000 00:00 0 
7cf65000-7cf68000 ---p 7cf65000 00:00 0 
7cf68000-7cfe6000 rwxp 7cf68000 00:00 0 
7cfe6000-7cfe9000 ---p 7cfe6000 00:00 0 
7cfe9000-7d067000 rwxp 7cfe9000 00:00 0 
7d067000-7d06a000 ---p 7d067000 00:00 0 
7d06a000-7d0b8000 rwxp 7d06a000 00:00 0 
7d0b8000-7d0bf000 r-xs 00000000 08:01 3629382    /usr/lib/gconv/gconv-modules.cache
7d0bf000-7d0fe000 r-xp 00000000 08:01 729539     /usr/lib/locale/en_CA.utf8/LC_CTYPE
7d0fe000-7d101000 ---p 7d0fe000 00:00 0 
7d101000-7d14f000 rwxp 7d101000 00:00 0 
7d14f000-7d152000 ---p 7d14f000 00:00 0 
7d152000-7d1a0000 rwxp 7d152000 00:00 0 
7d1a0000-7d1a1000 ---p 7d1a0000 00:00 0 
7d1a1000-7d254000 rwxp 7d1a1000 00:00 0 
7d254000-7d3e6000 r-xs 02f2c000 08:01 2703684    /home/jacek/Dev/Java/JDK/jdk1.6.0_12/jre/lib/rt.jar
7d3e6000-7d3e7000 ---p 7d3e6000 00:00 0 
7d3e7000-7d467000 rwxp 7d3e7000 00:00 0 
7d467000-7d468000 ---p 7d467000 00:00 0 
7d468000-7d4f0000 rwxp 7d468000 00:00 0 
7d4f0000-7d508000 rwxp 7d4f0000 00:00 0 
7d508000-7d51f000 rwxp 7d508000 00:00 0 
7d51f000-7d675000 rwxp 7d51f000 00:00 0 
7d675000-7d67d000 rwxp 7d675000 00:00 0 
7d67d000-7d695000 rwxp 7d67d000 00:00 0 
7d695000-7d6ac000 rwxp 7d695000 00:00 0 
7d6ac000-7d801000 rwxp 7d6ac000 00:00 0 
7d801000-7d805000 rwxp 7d801000 00:00 0 
7d805000-7d82f000 rwxp 7d805000 00:00 0 
7d82f000-7e830000 rwxp 7d82f000 00:00 0 
7e830000-81830000 rwxp 7e830000 00:00 0 
81830000-845b0000 rwxp 81830000 00:00 0 
845b0000-af120000 rwxp 845b0000 00:00 0 
af120000-af6d0000 rwxp af120000 00:00 0 
af6d0000-b4c30000 rwxp af6d0000 00:00 0 
b4c30000-b4c33000 r-xs 0001a000 08:01 3047489    /home/jacek/Dev/Java/IDE/eclipse/plugins/org.junit4_4.3.1/junit.jar
b4c33000-b4c35000 r-xs 0000e000 08:11 147413     /media/My Passport/Jacek/Dev/javabuilders/org.javabuilders.core/lib/jakarta-oro-2.0.8.jar
b4c35000-b4c3e000 rwxp b4c35000 00:00 0 
b4c3e000-b4cf5000 rwxp b4c3e000 00:00 0 
b4cf5000-b4f35000 rwxp b4cf5000 00:00 0 
b4f35000-b7cf5000 rwxp b4f35000 00:00 0 
b7cf5000-b7d04000 r-xp 00000000 08:01 2703601    /home/jacek/Dev/Java/JDK/jdk1.6.0_12/jre/lib/i386/libzip.so
b7d04000-b7d06000 rwxp 0000e000 08:01 2703601    /home/jacek/Dev/Java/JDK/jdk1.6.0_12/jre/lib/i386/libzip.so
b7d06000-b7d29000 r-xp 00000000 08:01 2703599    /home/jacek/Dev/Java/JDK/jdk1.6.0_12/jre/lib/i386/libjava.so
b7d29000-b7d2b000 rwxp 00023000 08:01 2703599    /home/jacek/Dev/Java/JDK/jdk1.6.0_12/jre/lib/i386/libjava.so
b7d2b000-b7d35000 r-xp 00000000 08:01 4039309    /lib/tls/i686/cmov/libnss_files-2.9.so
b7d35000-b7d36000 r-xp 00009000 08:01 4039309    /lib/tls/i686/cmov/libnss_files-2.9.so
b7d36000-b7d37000 rwxp 0000a000 08:01 4039309    /lib/tls/i686/cmov/libnss_files-2.9.so
b7d37000-b7d40000 r-xp 00000000 08:01 4039311    /lib/tls/i686/cmov/libnss_nis-2.9.so
b7d40000-b7d41000 r-xp 00008000 08:01 4039311    /lib/tls/i686/cmov/libnss_nis-2.9.so
b7d41000-b7d42000 rwxp 00009000 08:01 4039311    /lib/tls/i686/cmov/libnss_nis-2.9.so
b7d42000-b7d57000 r-xp 00000000 08:01 4039306    /lib/tls/i686/cmov/libnsl-2.9.so
b7d57000-b7d58000 r-xp 00014000 08:01 4039306    /lib/tls/i686/cmov/libnsl-2.9.so
b7d58000-b7d59000 rwxp 00015000 08:01 4039306    /lib/tls/i686/cmov/libnsl-2.9.so
b7d59000-b7d5b000 rwxp b7d59000 00:00 0 
b7d5b000-b7d5c000 r-xp 00000000 08:01 729721     /usr/lib/locale/en_CA.utf8/LC_IDENTIFICATION
b7d5c000-b7d5f000 r-xs 0001f000 08:11 147412     /media/My Passport/Jacek/Dev/javabuilders/org.javabuilders.core/lib/commons-validator-1.3.1.jar
b7d5f000-b7d6a000 r-xp 00000000 08:01 2703598    /home/jacek/Dev/Java/JDK/jdk1.6.0_12/jre/lib/i386/libverify.so
b7d6a000-b7d6b000 rwxp 0000b000 08:01 2703598    /home/jacek/Dev/Java/JDK/jdk1.6.0_12/jre/lib/i386/libverify.so
b7d6b000-b7d73000 rwxs 00000000 08:01 1843362    /tmp/hsperfdata_jacek/3019
b7d73000-b7d7a000 r-xp 00000000 08:01 4039316    /lib/tls/i686/cmov/librt-2.9.so
b7d7a000-b7d7b000 r-xp 00006000 08:01 4039316    /lib/tls/i686/cmov/librt-2.9.so
b7d7b000-b7d7c000 rwxp 00007000 08:01 4039316    /lib/tls/i686/cmov/librt-2.9.so
b7d7c000-b7d7f000 ---p b7d7c000 00:00 0 
b7d7f000-b7dcd000 rwxp b7d7f000 00:00 0 
b7dcd000-b7df1000 r-xp 00000000 08:01 4039304    /lib/tls/i686/cmov/libm-2.9.so
b7df1000-b7df2000 r-xp 00023000 08:01 4039304    /lib/tls/i686/cmov/libm-2.9.so
b7df2000-b7df3000 rwxp 00024000 08:01 4039304    /lib/tls/i686/cmov/libm-2.9.so
b7df3000-b7df4000 rwxp b7df3000 00:00 0 
b7df4000-b7f50000 r-xp 00000000 08:01 4039300    /lib/tls/i686/cmov/libc-2.9.so
b7f50000-b7f51000 ---p 0015c000 08:01 4039300    /lib/tls/i686/cmov/libc-2.9.so
b7f51000-b7f53000 r-xp 0015c000 08:01 4039300    /lib/tls/i686/cmov/libc-2.9.so
b7f53000-b7f54000 rwxp 0015e000 08:01 4039300    /lib/tls/i686/cmov/libc-2.9.so
b7f54000-b7f57000 rwxp b7f54000 00:00 0 
b7f57000-b7f59000 r-xp 00000000 08:01 4039303    /lib/tls/i686/cmov/libdl-2.9.so
b7f59000-b7f5a000 r-xp 00001000 08:01 4039303    /lib/tls/i686/cmov/libdl-2.9.so
b7f5a000-b7f5b000 rwxp 00002000 08:01 4039303    /lib/tls/i686/cmov/libdl-2.9.so
b7f5b000-b7f62000 r-xp 00000000 08:01 2711554    /home/jacek/Dev/Java/JDK/jdk1.6.0_12/jre/lib/i386/jli/libjli.so
b7f62000-b7f64000 rwxp 00006000 08:01 2711554    /home/jacek/Dev/Java/JDK/jdk1.6.0_12/jre/lib/i386/jli/libjli.so
b7f64000-b7f79000 r-xp 00000000 08:01 4039314    /lib/tls/i686/cmov/libpthread-2.9.so
b7f79000-b7f7a000 r-xp 00014000 08:01 4039314    /lib/tls/i686/cmov/libpthread-2.9.so
b7f7a000-b7f7b000 rwxp 00015000 08:01 4039314    /lib/tls/i686/cmov/libpthread-2.9.so
b7f7b000-b7f7e000 rwxp b7f7b000 00:00 0 
b7f7e000-b7f7f000 r-xs 00007000 08:11 147822     /media/My Passport/Jacek/Dev/javabuilders/AudioLord/lib/persist-1.1.jar
b7f7f000-b7f80000 r-xs 0000c000 08:11 147411     /media/My Passport/Jacek/Dev/javabuilders/org.javabuilders.core/lib/commons-logging-1.1.jar
b7f80000-b7f84000 r-xs 00026000 08:11 147410     /media/My Passport/Jacek/Dev/javabuilders/org.javabuilders.core/lib/commons-beanutils-core.jar
b7f84000-b7f8b000 r-xp 00000000 08:01 4039307    /lib/tls/i686/cmov/libnss_compat-2.9.so
b7f8b000-b7f8c000 r-xp 00006000 08:01 4039307    /lib/tls/i686/cmov/libnss_compat-2.9.so
b7f8c000-b7f8d000 rwxp 00007000 08:01 4039307    /lib/tls/i686/cmov/libnss_compat-2.9.so
b7f8d000-b7f93000 r-xp 00000000 08:01 2703585    /home/jacek/Dev/Java/JDK/jdk1.6.0_12/jre/lib/i386/native_threads/libhpi.so
b7f93000-b7f94000 rwxp 00006000 08:01 2703585    /home/jacek/Dev/Java/JDK/jdk1.6.0_12/jre/lib/i386/native_threads/libhpi.so
b7f94000-b7f95000 rwxp b7f94000 00:00 0 
b7f95000-b7f96000 r-xp b7f95000 00:00 0 
b7f96000-b7f98000 rwxp b7f96000 00:00 0 
b7f98000-b7f99000 r-xp b7f98000 00:00 0          [vdso]
b7f99000-b7fb5000 r-xp 00000000 08:01 4022295    /lib/ld-2.9.so
b7fb5000-b7fb6000 r-xp 0001b000 08:01 4022295    /lib/ld-2.9.so
b7fb6000-b7fb7000 rwxp 0001c000 08:01 4022295    /lib/ld-2.9.so
bfda2000-bfdb7000 rwxp bffeb000 00:00 0          [stack]

VM Arguments:
jvm_args: -Djava.library.path=/media/My Passport/Jacek/Dev/javabuilders/org.javabuilders.gtk/lib -Dfile.encoding=UTF-8 
java_command: org.audiolord.AudioLord
Launcher Type: SUN_STANDARD

Environment Variables:
PATH=/usr/local/sbin:/usr/local/bin:/usr/sbin:/usr/bin:/sbin:/bin:/usr/games
USERNAME=jacek
LD_LIBRARY_PATH=/home/jacek/Dev/Java/JDK/jdk1.6.0_12/jre/lib/i386/server:/home/jacek/Dev/Java/JDK/jdk1.6.0_12/jre/lib/i386:/home/jacek/Dev/Java/JDK/jdk1.6.0_12/jre/../lib/i386:/usr/lib/jvm/java-6-openjdk/jre/lib/i386/client:/usr/lib/jvm/java-6-openjdk/jre/lib/i386:/usr/lib/xulrunner-addons:/usr/lib/xulrunner-addons
SHELL=/bin/bash
DISPLAY=:0.0

Signal Handlers:
SIGSEGV: [libjvm.so+0x6071f0], sa_mask[0]=0x7ffbfeff, sa_flags=0x10000004
SIGBUS: [libjvm.so+0x6071f0], sa_mask[0]=0x7ffbfeff, sa_flags=0x10000004
SIGFPE: [libjvm.so+0x5048b0], sa_mask[0]=0x7ffbfeff, sa_flags=0x10000004
SIGPIPE: [libjvm.so+0x5048b0], sa_mask[0]=0x7ffbfeff, sa_flags=0x10000004
SIGXFSZ: [libjvm.so+0x5048b0], sa_mask[0]=0x7ffbfeff, sa_flags=0x10000004
SIGILL: [libjvm.so+0x5048b0], sa_mask[0]=0x7ffbfeff, sa_flags=0x10000004
SIGUSR1: SIG_DFL, sa_mask[0]=0x00000000, sa_flags=0x00000000
SIGUSR2: [libjvm.so+0x506d80], sa_mask[0]=0x00000004, sa_flags=0x10000004
SIGHUP: [libjvm.so+0x506b20], sa_mask[0]=0x7ffbfeff, sa_flags=0x10000004
SIGINT: [libjvm.so+0x506b20], sa_mask[0]=0x7ffbfeff, sa_flags=0x10000004
SIGTERM: [libjvm.so+0x506b20], sa_mask[0]=0x7ffbfeff, sa_flags=0x10000004
SIGQUIT: [libjvm.so+0x506b20], sa_mask[0]=0x7ffbfeff, sa_flags=0x10000004


---------------  S Y S T E M  ---------------

OS:5.0

uname:Linux 2.6.28-11-generic #42-Ubuntu SMP Fri Apr 17 01:57:59 UTC 2009 i686
libc:glibc 2.9 NPTL 2.9 
rlimit: STACK 8192k, CORE 0k, NPROC infinity, NOFILE 1024, AS infinity
load average:0.12 0.13 0.11

CPU:total 2 (2 cores per cpu, 1 threads per core) family 6 model 7 stepping 10, cmov, cx8, fxsr, mmx, sse, sse2, sse3, ssse3

Memory: 4k page, physical 3353668k(278220k free), swap 3229024k(2924372k free)

vm_info: Java HotSpot(TM) Server VM (11.2-b01) for linux-x86 JRE (1.6.0_12-b04), built on Jan 17 2009 01:47:24 by "java_re" with gcc 3.2.1-7a (J2SE release)

time: Fri May 15 09:34:00 2009
elapsed time: 0 seconds

