#
# An unexpected error has been detected by Java Runtime Environment:
#
#  SIGSEGV (0xb) at pc=0x063966c3, pid=3168, tid=3084286864
#
# Java VM: Java HotSpot(TM) Server VM (11.2-b01 mixed mode linux-x86)
# Problematic frame:
# V  [libjvm.so+0x3966c3]
#
# If you would like to submit a bug report, please visit:
#   http://java.sun.com/webapps/bugreport/crash.jsp
#

---------------  T H R E A D  ---------------

Current thread (0x09e42800):  JavaThread "main" [_thread_in_vm, id=3169, stack(0xb7d17000,0xb7d68000)]

siginfo:si_signo=SIGSEGV: si_errno=0, si_code=1 (SEGV_MAPERR), si_addr=0x00000000

Registers:
EAX=0x00000000, EBX=0x09e411c8, ECX=0x000b7d66, EDX=0x09e42800
ESP=0xb7d66e74, EBP=0xb7d66ed8, ESI=0x00000ffc, EDI=0x09e42c00
EIP=0x063966c3, CR2=0x00000000, EFLAGS=0x00210296

Top of Stack: (sp=0xb7d66e74)
0xb7d66e74:   09e43024 00000000 00000000 09e411c8
0xb7d66e84:   09e42c00 09e42c08 09e42ff4 09e42800
0xb7d66e94:   00000000 7cbb44f0 00000001 09e42800
0xb7d66ea4:   fffffffe b4c92608 b7d66ebc 09e42800
0xb7d66eb4:   7dc24ec0 09e42800 b7d66f0c 06372d7d
0xb7d66ec4:   09e4300c b7d66edf 7cbfbff4 7dc24ebc
0xb7d66ed4:   09e42800 b7d66f18 7cbb4524 09e42914
0xb7d66ee4:   00000000 00000000 09e43034 09e43034 

Instructions: (pc=0x063966c3)
0x063966b3:   ac 8b 43 08 89 45 b0 8b 43 0c 89 45 b4 8b 45 0c
0x063966c3:   8b 00 50 e8 35 02 fe ff 83 ec 0c 89 c6 50 e8 72 

Stack: [0xb7d17000,0xb7d68000],  sp=0xb7d66e74,  free space=319k
Native frames: (J=compiled Java code, j=interpreted, Vv=VM code, C=native code)
V  [libjvm.so+0x3966c3]
C  [libgtkjni-4.0.11.so+0x9f524]  Java_org_gnome_glib_GValue_g_1value_1init__Ljava_lang_String_2+0x34
j  org.gnome.glib.GValue.g_value_init(Ljava/lang/String;)J+0
j  org.gnome.glib.GValue.createValue(Ljava/lang/String;)J+1
j  org.gnome.glib.Value.<init>(Ljava/lang/String;)V+2
j  org.gnome.glib.Object.setPropertyString(Ljava/lang/String;Ljava/lang/String;)V+7
j  org.gnome.gtk.MessageDialog.<init>(Lorg/gnome/gtk/Window;ZLorg/gnome/gtk/MessageType;Lorg/gnome/gtk/ButtonsType;Ljava/lang/String;)V+30
j  org.audiolord.AudioLord.main([Ljava/lang/String;)V+70
v  ~StubRoutines::call_stub
V  [libjvm.so+0x375c9d]
V  [libjvm.so+0x5057f8]
V  [libjvm.so+0x375b30]
V  [libjvm.so+0x39f2e6]
V  [libjvm.so+0x390ae8]
C  [java+0x1b98]  JavaMain+0x2c8
C  [libpthread.so.0+0x64ff]

Java frames: (J=compiled Java code, j=interpreted, Vv=VM code)
j  org.gnome.glib.GValue.g_value_init(Ljava/lang/String;)J+0
j  org.gnome.glib.GValue.createValue(Ljava/lang/String;)J+1
j  org.gnome.glib.Value.<init>(Ljava/lang/String;)V+2
j  org.gnome.glib.Object.setPropertyString(Ljava/lang/String;Ljava/lang/String;)V+7
j  org.gnome.gtk.MessageDialog.<init>(Lorg/gnome/gtk/Window;ZLorg/gnome/gtk/MessageType;Lorg/gnome/gtk/ButtonsType;Ljava/lang/String;)V+30
j  org.audiolord.AudioLord.main([Ljava/lang/String;)V+70
v  ~StubRoutines::call_stub

---------------  P R O C E S S  ---------------

Java Threads: ( => current thread )
  0x09ee3000 JavaThread "Low Memory Detector" daemon [_thread_blocked, id=3182, stack(0x7ceb4000,0x7cf05000)]
  0x09ee1000 JavaThread "CompilerThread1" daemon [_thread_blocked, id=3181, stack(0x7cf05000,0x7cf86000)]
  0x09ede400 JavaThread "CompilerThread0" daemon [_thread_blocked, id=3180, stack(0x7cf86000,0x7d007000)]
  0x09edc800 JavaThread "Signal Dispatcher" daemon [_thread_blocked, id=3179, stack(0x7d007000,0x7d058000)]
  0x09ecbc00 JavaThread "Finalizer" daemon [_thread_blocked, id=3178, stack(0x7d09e000,0x7d0ef000)]
  0x09ec7000 JavaThread "Reference Handler" daemon [_thread_blocked, id=3177, stack(0x7d0ef000,0x7d140000)]
=>0x09e42800 JavaThread "main" [_thread_in_vm, id=3169, stack(0xb7d17000,0xb7d68000)]

Other Threads:
  0x09ec3800 VMThread [stack: 0x7d140000,0x7d1c1000] [id=3176]
  0x09ee4c00 WatcherThread [stack: 0x7ce33000,0x7ceb4000] [id=3183]

VM state:not at safepoint (normal execution)

VM Mutex/Monitor currently owned by a thread: None

Heap
 PSYoungGen      total 5120K, used 3563K [0xaf0c0000, 0xafac0000, 0xb4bd0000)
  eden space 4416K, 71% used [0xaf0c0000,0xaf3d8d00,0xaf510000)
  from space 704K, 55% used [0xaf5c0000,0xaf622070,0xaf670000)
  to   space 704K, 0% used [0xaf510000,0xaf510000,0xaf5c0000)
 PSOldGen        total 46592K, used 0K [0x817d0000, 0x84550000, 0xaf0c0000)
  object space 46592K, 0% used [0x817d0000,0x817d0000,0x84550000)
 PSPermGen       total 16384K, used 5042K [0x7d7d0000, 0x7e7d0000, 0x817d0000)
  object space 16384K, 30% used [0x7d7d0000,0x7dcbca78,0x7e7d0000)

Dynamic libraries:
06000000-06676000 r-xp 00000000 08:01 2703587    /home/jacek/Dev/Java/JDK/jdk1.6.0_12/jre/lib/i386/server/libjvm.so
06676000-066bb000 rwxp 00675000 08:01 2703587    /home/jacek/Dev/Java/JDK/jdk1.6.0_12/jre/lib/i386/server/libjvm.so
066bb000-06add000 rwxp 066bb000 00:00 0 
08048000-08052000 r-xp 00000000 08:01 2719896    /home/jacek/Dev/Java/JDK/jdk1.6.0_12/bin/java
08052000-08053000 rwxp 00009000 08:01 2719896    /home/jacek/Dev/Java/JDK/jdk1.6.0_12/bin/java
09e3c000-0a352000 rwxp 09e3c000 00:00 0          [heap]
7bc00000-7bcb4000 rwxp 7bc00000 00:00 0 
7bcb4000-7bd00000 ---p 7bcb4000 00:00 0 
7bd63000-7bdfb000 r-xp 00000000 08:01 929052     /usr/share/fonts/truetype/ttf-dejavu/DejaVuSans.ttf
7bdfb000-7be00000 r-xs 00000000 08:01 552498     /var/cache/fontconfig/e25ca923d7a08ab6b0777bd7eb77ea77-x86.cache-2
7be00000-7be03000 r-xs 00000000 08:01 552093     /var/cache/fontconfig/e383d7ea5fbe662a33d9b44caf393297-x86.cache-2
7be03000-7be04000 r-xs 00000000 08:01 552092     /var/cache/fontconfig/fd9505950c048a77dc4b710eb6a628ed-x86.cache-2
7be04000-7be05000 r-xs 00000000 08:01 552091     /var/cache/fontconfig/a2ab74764b07279e7c36ddb1d302cf26-x86.cache-2
7be05000-7be08000 r-xs 00000000 08:01 551944     /var/cache/fontconfig/6eb3985aa4124903f6ff08ba781cd364-x86.cache-2
7be08000-7be09000 r-xs 00000000 08:01 552089     /var/cache/fontconfig/4c73fe0c47614734b17d736dbde7580a-x86.cache-2
7be09000-7be0b000 r-xs 00000000 08:01 552088     /var/cache/fontconfig/646addb8444faa74ee138aa00ab0b6a0-x86.cache-2
7be0b000-7be0e000 r-xs 00000000 08:01 552087     /var/cache/fontconfig/a755afe4a08bf5b97852ceb7400b47bc-x86.cache-2
7be0e000-7be15000 r-xs 00000000 08:01 552086     /var/cache/fontconfig/6d41288fd70b0be22e8c3a91e032eec0-x86.cache-2
7be15000-7be18000 r-xs 00000000 08:01 552085     /var/cache/fontconfig/de156ccd2eddbdc19d37a45b8b2aac9c-x86.cache-2
7be18000-7be1a000 r-xs 00000000 08:01 552083     /var/cache/fontconfig/da1bd5ca8443ffe22927a23ce431d198-x86.cache-2
7be1a000-7be22000 r-xs 00000000 08:01 552080     /var/cache/fontconfig/e3de0de479f42330eadf588a55fb5bf4-x86.cache-2
7be22000-7be2d000 r-xs 00000000 08:01 552079     /var/cache/fontconfig/0f34bcd4b6ee430af32735b75db7f02b-x86.cache-2
7be2d000-7be2f000 r-xs 00000000 08:01 553399     /var/cache/fontconfig/ddd4086aec35a5275babba44bb759c3c-x86.cache-2
7be2f000-7be30000 r-xs 00000000 08:01 552077     /var/cache/fontconfig/4794a0821666d79190d59a36cb4f44b5-x86.cache-2
7be56000-7be58000 r-xp 00000000 08:01 3448863    /usr/lib/pango/1.6.0/modules/pango-basic-fc.so
7be58000-7be59000 r-xp 00001000 08:01 3448863    /usr/lib/pango/1.6.0/modules/pango-basic-fc.so
7be59000-7be5a000 rwxp 00002000 08:01 3448863    /usr/lib/pango/1.6.0/modules/pango-basic-fc.so
7be5a000-7be60000 r-xs 00000000 08:01 551206     /var/cache/fontconfig/945677eb7aeaf62f1d50efc3fb3ec7d8-x86.cache-2
7be60000-7be62000 r-xs 00000000 08:01 552094     /var/cache/fontconfig/99e8ed0e538f840c565b6ed5dad60d56-x86.cache-2
7be62000-7be84000 r-xs 00000000 08:01 552076     /var/cache/fontconfig/365b55f210c0a22e9a19e35191240f32-x86.cache-2
7be84000-7be87000 r-xs 00000000 08:01 551883     /var/cache/fontconfig/de9486f0b47a4d768a594cb4198cb1c6-x86.cache-2
7be87000-7be8e000 r-xs 00000000 08:01 552074     /var/cache/fontconfig/d52a8644073d54c13679302ca1180695-x86.cache-2
7be8e000-7be94000 r-xs 00000000 08:01 552073     /var/cache/fontconfig/089dead882dea3570ffc31a9898cfb69-x86.cache-2
7be94000-7bea1000 r-xs 00000000 08:01 553510     /var/cache/fontconfig/e13b20fdb08344e0e664864cc2ede53d-x86.cache-2
7bea1000-7bea4000 r-xs 00000000 08:01 552499     /var/cache/fontconfig/7ef2298fde41cc6eeb7af42e48b7d293-x86.cache-2
7bea4000-7beb2000 r-xs 00000000 08:01 553508     /var/cache/fontconfig/865f88548240fee46819705c6468c165-x86.cache-2
7beb2000-7bed2000 r-xp 00000000 08:01 729476     /usr/lib/gtk-2.0/2.10.0/engines/libmurrine.so
7bed2000-7bed3000 r-xp 00020000 08:01 729476     /usr/lib/gtk-2.0/2.10.0/engines/libmurrine.so
7bed3000-7bed4000 rwxp 00021000 08:01 729476     /usr/lib/gtk-2.0/2.10.0/engines/libmurrine.so
7bed4000-7bedb000 r-xp 00000000 08:01 705001     /usr/lib/libltdl.so.7.2.0
7bedb000-7bedc000 r-xp 00006000 08:01 705001     /usr/lib/libltdl.so.7.2.0
7bedc000-7bedd000 rwxp 00007000 08:01 705001     /usr/lib/libltdl.so.7.2.0
7bedd000-7bee9000 r-xp 00000000 08:01 704629     /usr/lib/libtdb.so.1.1.3
7bee9000-7beea000 r-xp 0000b000 08:01 704629     /usr/lib/libtdb.so.1.1.3
7beea000-7beeb000 rwxp 0000c000 08:01 704629     /usr/lib/libtdb.so.1.1.3
7beeb000-7beef000 r-xp 00000000 08:01 707849     /usr/lib/libogg.so.0.5.3
7beef000-7bef0000 r-xp 00003000 08:01 707849     /usr/lib/libogg.so.0.5.3
7bef0000-7bef1000 rwxp 00004000 08:01 707849     /usr/lib/libogg.so.0.5.3
7bef1000-7bf0c000 r-xp 00000000 08:01 708067     /usr/lib/libvorbis.so.0.4.0
7bf0c000-7bf0d000 r-xp 0001a000 08:01 708067     /usr/lib/libvorbis.so.0.4.0
7bf0d000-7bf1b000 rwxp 0001b000 08:01 708067     /usr/lib/libvorbis.so.0.4.0
7bf1b000-7bf22000 r-xp 00000000 08:01 708071     /usr/lib/libvorbisfile.so.3.2.0
7bf22000-7bf23000 r-xp 00006000 08:01 708071     /usr/lib/libvorbisfile.so.3.2.0
7bf23000-7bf24000 rwxp 00007000 08:01 708071     /usr/lib/libvorbisfile.so.3.2.0
7bf24000-7bf31000 r-xp 00000000 08:01 705922     /usr/lib/libcanberra.so.0.1.4
7bf31000-7bf32000 r-xp 0000d000 08:01 705922     /usr/lib/libcanberra.so.0.1.4
7bf32000-7bf33000 rwxp 0000e000 08:01 705922     /usr/lib/libcanberra.so.0.1.4
7bf33000-7bf36000 r-xp 00000000 08:01 706074     /usr/lib/libcanberra-gtk.so.0.0.4
7bf36000-7bf37000 r-xp 00002000 08:01 706074     /usr/lib/libcanberra-gtk.so.0.0.4
7bf37000-7bf38000 rwxp 00003000 08:01 706074     /usr/lib/libcanberra-gtk.so.0.0.4
7bf50000-7c03b000 r-xp 00000000 08:01 729707     /usr/lib/locale/en_CA.utf8/LC_COLLATE
7c03b000-7c03f000 r-xp 00000000 08:01 707174     /usr/lib/libXdmcp.so.6.0.0
7c03f000-7c040000 rwxp 00003000 08:01 707174     /usr/lib/libXdmcp.so.6.0.0
7c040000-7c042000 r-xp 00000000 08:01 706881     /usr/lib/libXau.so.6.0.0
7c042000-7c043000 r-xp 00001000 08:01 706881     /usr/lib/libXau.so.6.0.0
7c043000-7c044000 rwxp 00002000 08:01 706881     /usr/lib/libXau.so.6.0.0
7c044000-7c068000 r-xp 00000000 08:01 707416     /usr/lib/libexpat.so.1.5.2
7c068000-7c06a000 r-xp 00023000 08:01 707416     /usr/lib/libexpat.so.1.5.2
7c06a000-7c06b000 rwxp 00025000 08:01 707416     /usr/lib/libexpat.so.1.5.2
7c06b000-7c083000 r-xp 00000000 08:01 3875016    /usr/lib/libxcb.so.1.1.0
7c083000-7c084000 r-xp 00017000 08:01 3875016    /usr/lib/libxcb.so.1.1.0
7c084000-7c085000 rwxp 00018000 08:01 3875016    /usr/lib/libxcb.so.1.1.0
7c085000-7c08b000 r-xp 00000000 08:01 706220     /usr/lib/libxcb-render.so.0.0.0
7c08b000-7c08c000 r-xp 00005000 08:01 706220     /usr/lib/libxcb-render.so.0.0.0
7c08c000-7c08d000 rwxp 00006000 08:01 706220     /usr/lib/libxcb-render.so.0.0.0
7c08d000-7c090000 r-xp 00000000 08:01 706353     /usr/lib/libxcb-render-util.so.0.0.0
7c090000-7c091000 r-xp 00002000 08:01 706353     /usr/lib/libxcb-render-util.so.0.0.0
7c091000-7c092000 rwxp 00003000 08:01 706353     /usr/lib/libxcb-render-util.so.0.0.0
7c092000-7c0b6000 r-xp 00000000 08:01 704792     /usr/lib/libpng12.so.0.27.0
7c0b6000-7c0b7000 r-xp 00023000 08:01 704792     /usr/lib/libpng12.so.0.27.0
7c0b7000-7c0b8000 rwxp 00024000 08:01 704792     /usr/lib/libpng12.so.0.27.0
7c0b8000-7c0cb000 r-xp 00000000 08:01 706663     /usr/lib/libdirect-1.0.so.0.1.0
7c0cb000-7c0cc000 r-xp 00012000 08:01 706663     /usr/lib/libdirect-1.0.so.0.1.0
7c0cc000-7c0cd000 rwxp 00013000 08:01 706663     /usr/lib/libdirect-1.0.so.0.1.0
7c0cd000-7c0d4000 r-xp 00000000 08:01 706769     /usr/lib/libfusion-1.0.so.0.1.0
7c0d4000-7c0d5000 r-xp 00006000 08:01 706769     /usr/lib/libfusion-1.0.so.0.1.0
7c0d5000-7c0d6000 rwxp 00007000 08:01 706769     /usr/lib/libfusion-1.0.so.0.1.0
7c0d6000-7c13a000 r-xp 00000000 08:01 706763     /usr/lib/libdirectfb-1.0.so.0.1.0
7c13a000-7c13b000 r-xp 00063000 08:01 706763     /usr/lib/libdirectfb-1.0.so.0.1.0
7c13b000-7c13c000 rwxp 00064000 08:01 706763     /usr/lib/libdirectfb-1.0.so.0.1.0
7c13c000-7c17c000 r-xp 00000000 08:01 706216     /usr/lib/libpixman-1.so.0.13.2
7c17c000-7c17e000 r-xp 0003f000 08:01 706216     /usr/lib/libpixman-1.so.0.13.2
7c17e000-7c17f000 rwxp 00041000 08:01 706216     /usr/lib/libpixman-1.so.0.13.2
7c17f000-7c197000 r-xp 00000000 08:01 4022289    /lib/libselinux.so.1
7c197000-7c198000 r-xp 00017000 08:01 4022289    /lib/libselinux.so.1
7c198000-7c199000 rwxp 00018000 08:01 4022289    /lib/libselinux.so.1
7c199000-7c1ad000 r-xp 00000000 08:01 4022814    /lib/libz.so.1.2.3.3
7c1ad000-7c1ae000 r-xp 00013000 08:01 4022814    /lib/libz.so.1.2.3.3
7c1ae000-7c1af000 rwxp 00014000 08:01 4022814    /lib/libz.so.1.2.3.3
7c1af000-7c1b3000 r-xp 00000000 08:01 707180     /usr/lib/libXfixes.so.3.1.0
7c1b3000-7c1b4000 rwxp 00003000 08:01 707180     /usr/lib/libXfixes.so.3.1.0
7c1b4000-7c1b6000 r-xp 00000000 08:01 707172     /usr/lib/libXdamage.so.1.1.0
7c1b6000-7c1b7000 rwxp 00001000 08:01 707172     /usr/lib/libXdamage.so.1.1.0
7c1b7000-7c1b9000 r-xp 00000000 08:01 707168     /usr/lib/libXcomposite.so.1.0.0
7c1b9000-7c1ba000 r-xp 00001000 08:01 707168     /usr/lib/libXcomposite.so.1.0.0
7c1ba000-7c1bb000 rwxp 00002000 08:01 707168     /usr/lib/libXcomposite.so.1.0.0
7c1bb000-7c2a5000 r-xp 00000000 08:01 707142     /usr/lib/libX11.so.6.2.0
7c2a5000-7c2a6000 ---p 000ea000 08:01 707142     /usr/lib/libX11.so.6.2.0
7c2a6000-7c2a7000 r-xp 000ea000 08:01 707142     /usr/lib/libX11.so.6.2.0
7c2a7000-7c2a9000 rwxp 000eb000 08:01 707142     /usr/lib/libX11.so.6.2.0
7c2a9000-7c2aa000 rwxp 7c2a9000 00:00 0 
7c2aa000-7c2b2000 r-xp 00000000 08:01 707170     /usr/lib/libXcursor.so.1.0.2
7c2b2000-7c2b3000 rwxp 00007000 08:01 707170     /usr/lib/libXcursor.so.1.0.2
7c2b3000-7c2b9000 r-xp 00000000 08:01 707622     /usr/lib/libXrandr.so.2.2.0
7c2b9000-7c2ba000 r-xp 00006000 08:01 707622     /usr/lib/libXrandr.so.2.2.0
7c2ba000-7c2bb000 rwxp 00007000 08:01 707622     /usr/lib/libXrandr.so.2.2.0
7c2bb000-7c2c3000 r-xp 00000000 08:01 707619     /usr/lib/libXi.so.6.0.0
7c2c3000-7c2c4000 r-xp 00007000 08:01 707619     /usr/lib/libXi.so.6.0.0
7c2c4000-7c2c5000 rwxp 00008000 08:01 707619     /usr/lib/libXi.so.6.0.0
7c2c5000-7c2c7000 r-xp 00000000 08:01 707188     /usr/lib/libXinerama.so.1.0.0
7c2c7000-7c2c8000 rwxp 00001000 08:01 707188     /usr/lib/libXinerama.so.1.0.0
7c2c8000-7c2d0000 r-xp 00000000 08:01 707200     /usr/lib/libXrender.so.1.3.0
7c2d0000-7c2d1000 r-xp 00007000 08:01 707200     /usr/lib/libXrender.so.1.3.0
7c2d1000-7c2d2000 rwxp 00008000 08:01 707200     /usr/lib/libXrender.so.1.3.0
7c2d2000-7c2e0000 r-xp 00000000 08:01 704631     /usr/lib/libXext.so.6.4.0
7c2e0000-7c2e1000 r-xp 0000d000 08:01 704631     /usr/lib/libXext.so.6.4.0
7c2e1000-7c2e2000 rwxp 0000e000 08:01 704631     /usr/lib/libXext.so.6.4.0
7c2e2000-7c312000 r-xp 00000000 08:01 4022858    /lib/libpcre.so.3.12.1
7c312000-7c313000 r-xp 0002f000 08:01 4022858    /lib/libpcre.so.3.12.1
7c313000-7c314000 rwxp 00030000 08:01 4022858    /lib/libpcre.so.3.12.1
7c314000-7c3ca000 r-xp 00000000 08:01 706515     /usr/lib/libglib-2.0.so.0.2000.1
7c3ca000-7c3cb000 r-xp 000b5000 08:01 706515     /usr/lib/libglib-2.0.so.0.2000.1
7c3cb000-7c3cc000 rwxp 000b6000 08:01 706515     /usr/lib/libglib-2.0.so.0.2000.1
7c3cc000-7c408000 r-xp 00000000 08:01 706517     /usr/lib/libgobject-2.0.so.0.2000.1
7c408000-7c409000 r-xp 0003b000 08:01 706517     /usr/lib/libgobject-2.0.so.0.2000.1
7c409000-7c40a000 rwxp 0003c000 08:01 706517     /usr/lib/libgobject-2.0.so.0.2000.1
7c40a000-7c435000 r-xp 00000000 08:01 705418     /usr/lib/libfontconfig.so.1.3.0
7c435000-7c436000 r-xp 0002a000 08:01 705418     /usr/lib/libfontconfig.so.1.3.0
7c436000-7c437000 rwxp 0002b000 08:01 705418     /usr/lib/libfontconfig.so.1.3.0
7c437000-7c4a9000 r-xp 00000000 08:01 704537     /usr/lib/libfreetype.so.6.3.20
7c4a9000-7c4ad000 r-xp 00071000 08:01 704537     /usr/lib/libfreetype.so.6.3.20
7c4ad000-7c4ae000 rwxp 00075000 08:01 704537     /usr/lib/libfreetype.so.6.3.20
7c4ae000-7c4ee000 r-xp 00000000 08:01 707586     /usr/lib/libpango-1.0.so.0.2400.1
7c4ee000-7c4ef000 ---p 00040000 08:01 707586     /usr/lib/libpango-1.0.so.0.2400.1
7c4ef000-7c4f0000 r-xp 00040000 08:01 707586     /usr/lib/libpango-1.0.so.0.2400.1
7c4f0000-7c4f1000 rwxp 00041000 08:01 707586     /usr/lib/libpango-1.0.so.0.2400.1
7c4f1000-7c568000 r-xp 00000000 08:01 706358     /usr/lib/libcairo.so.2.10800.6
7c568000-7c56a000 r-xp 00076000 08:01 706358     /usr/lib/libcairo.so.2.10800.6
7c56a000-7c56b000 rwxp 00078000 08:01 706358     /usr/lib/libcairo.so.2.10800.6
7c56b000-7c5d6000 r-xp 00000000 08:01 705731     /usr/lib/libgio-2.0.so.0.2000.1
7c5d6000-7c5d7000 ---p 0006b000 08:01 705731     /usr/lib/libgio-2.0.so.0.2000.1
7c5d7000-7c5d8000 r-xp 0006b000 08:01 705731     /usr/lib/libgio-2.0.so.0.2000.1
7c5d8000-7c5d9000 rwxp 0006c000 08:01 705731     /usr/lib/libgio-2.0.so.0.2000.1
7c5d9000-7c5e3000 r-xp 00000000 08:01 707588     /usr/lib/libpangocairo-1.0.so.0.2400.1
7c5e3000-7c5e4000 r-xp 00009000 08:01 707588     /usr/lib/libpangocairo-1.0.so.0.2400.1
7c5e4000-7c5e5000 rwxp 0000a000 08:01 707588     /usr/lib/libpangocairo-1.0.so.0.2400.1
7c5e5000-7c5fd000 r-xp 00000000 08:01 707709     /usr/lib/libgdk_pixbuf-2.0.so.0.1600.1
7c5fd000-7c5fe000 r-xp 00017000 08:01 707709     /usr/lib/libgdk_pixbuf-2.0.so.0.1600.1
7c5fe000-7c5ff000 rwxp 00018000 08:01 707709     /usr/lib/libgdk_pixbuf-2.0.so.0.1600.1
7c5ff000-7c626000 r-xp 00000000 08:01 707590     /usr/lib/libpangoft2-1.0.so.0.2400.1
7c626000-7c627000 r-xp 00026000 08:01 707590     /usr/lib/libpangoft2-1.0.so.0.2400.1
7c627000-7c628000 rwxp 00027000 08:01 707590     /usr/lib/libpangoft2-1.0.so.0.2400.1
7c628000-7c75d000 r-xp 00000000 08:01 3875394    /usr/lib/libxml2.so.2.6.32
7c75d000-7c75e000 ---p 00135000 08:01 3875394    /usr/lib/libxml2.so.2.6.32
7c75e000-7c762000 r-xp 00135000 08:01 3875394    /usr/lib/libxml2.so.2.6.32
7c762000-7c763000 rwxp 00139000 08:01 3875394    /usr/lib/libxml2.so.2.6.32
7c763000-7c764000 rwxp 7c763000 00:00 0 
7c764000-7cb0d000 r-xp 00000000 08:01 707696     /usr/lib/libgtk-x11-2.0.so.0.1600.1
7cb0d000-7cb11000 r-xp 003a8000 08:01 707696     /usr/lib/libgtk-x11-2.0.so.0.1600.1
7cb11000-7cb13000 rwxp 003ac000 08:01 707696     /usr/lib/libgtk-x11-2.0.so.0.1600.1
7cb13000-7cb15000 rwxp 7cb13000 00:00 0 
7cb15000-7cbfb000 r-xp 00000000 08:11 15716      /media/My Passport/Jacek/Dev/javabuilders/org.javabuilders.gtk/lib/libgtkjni-4.0.11.so
7cbfb000-7cbfc000 r-xp 000e5000 08:11 15716      /media/My Passport/Jacek/Dev/javabuilders/org.javabuilders.gtk/lib/libgtkjni-4.0.11.so
7cbfc000-7cc00000 rwxp 000e6000 08:11 15716      /media/My Passport/Jacek/Dev/javabuilders/org.javabuilders.gtk/lib/libgtkjni-4.0.11.so
7cc00000-7cd00000 rwxp 7cc00000 00:00 0 
7cd01000-7cd02000 r-xp 00000000 08:01 557324     /usr/share/locale-langpack/en_CA/LC_MESSAGES/atk10.mo
7cd02000-7cd05000 r-xp 00000000 08:01 706516     /usr/lib/libgmodule-2.0.so.0.2000.1
7cd05000-7cd06000 r-xp 00002000 08:01 706516     /usr/lib/libgmodule-2.0.so.0.2000.1
7cd06000-7cd07000 rwxp 00003000 08:01 706516     /usr/lib/libgmodule-2.0.so.0.2000.1
7cd07000-7cd20000 r-xp 00000000 08:01 706794     /usr/lib/libatk-1.0.so.0.2609.1
7cd20000-7cd21000 r-xp 00019000 08:01 706794     /usr/lib/libatk-1.0.so.0.2609.1
7cd21000-7cd22000 rwxp 0001a000 08:01 706794     /usr/lib/libatk-1.0.so.0.2609.1
7cd22000-7cdab000 r-xp 00000000 08:01 707698     /usr/lib/libgdk-x11-2.0.so.0.1600.1
7cdab000-7cdac000 ---p 00089000 08:01 707698     /usr/lib/libgdk-x11-2.0.so.0.1600.1
7cdac000-7cdae000 r-xp 00089000 08:01 707698     /usr/lib/libgdk-x11-2.0.so.0.1600.1
7cdae000-7cdaf000 rwxp 0008b000 08:01 707698     /usr/lib/libgdk-x11-2.0.so.0.1600.1
7cdaf000-7cdc5000 r-xp 00000000 08:01 708287     /usr/lib/libglade-2.0.so.0.0.7
7cdc5000-7cdc6000 r-xp 00015000 08:01 708287     /usr/lib/libglade-2.0.so.0.0.7
7cdc6000-7cdc7000 rwxp 00016000 08:01 708287     /usr/lib/libglade-2.0.so.0.0.7
7cdc7000-7cdcb000 r-xp 00000000 08:01 706518     /usr/lib/libgthread-2.0.so.0.2000.1
7cdcb000-7cdcc000 r-xp 00003000 08:01 706518     /usr/lib/libgthread-2.0.so.0.2000.1
7cdcc000-7cdcd000 rwxp 00004000 08:01 706518     /usr/lib/libgthread-2.0.so.0.2000.1
7cdcd000-7cdd0000 r-xs 000cb000 08:01 2703671    /home/jacek/Dev/Java/JDK/jdk1.6.0_12/jre/lib/ext/localedata.jar
7cdd0000-7cdd1000 r-xp 00000000 08:01 980266     /usr/share/locale-langpack/en_CA/LC_MESSAGES/glib20.mo
7cdd1000-7cdd5000 r-xp 00000000 08:01 1657374    /usr/lib/gtk-2.0/modules/libcanberra-gtk-module.so
7cdd5000-7cdd6000 r-xp 00003000 08:01 1657374    /usr/lib/gtk-2.0/modules/libcanberra-gtk-module.so
7cdd6000-7cdd7000 rwxp 00004000 08:01 1657374    /usr/lib/gtk-2.0/modules/libcanberra-gtk-module.so
7cdd7000-7cdda000 r-xp 00000000 08:01 557296     /usr/share/locale-langpack/en_CA/LC_MESSAGES/gtk20-properties.mo
7cdda000-7cddc000 r-xp 00000000 08:01 980282     /usr/share/locale-langpack/en_CA/LC_MESSAGES/gtk20.mo
7cddc000-7cddd000 r-xp 00000000 08:01 731024     /usr/lib/locale/en_CA.utf8/LC_NUMERIC
7cddd000-7cdde000 r-xp 00000000 08:01 729705     /usr/lib/locale/en_CA.utf8/LC_TIME
7cdde000-7cddf000 r-xp 00000000 08:01 729709     /usr/lib/locale/en_CA.utf8/LC_MONETARY
7cddf000-7cde0000 r-xp 00000000 08:01 729711     /usr/lib/locale/en_CA.utf8/LC_MESSAGES/SYS_LC_MESSAGES
7cde0000-7cde1000 r-xp 00000000 08:01 731345     /usr/lib/locale/en_CA.utf8/LC_PAPER
7cde1000-7cde2000 r-xp 00000000 08:01 731075     /usr/lib/locale/en_CA.utf8/LC_NAME
7cde2000-7cde3000 r-xp 00000000 08:01 729713     /usr/lib/locale/en_CA.utf8/LC_ADDRESS
7cde3000-7cde4000 r-xp 00000000 08:01 729719     /usr/lib/locale/en_CA.utf8/LC_TELEPHONE
7cde4000-7cde5000 r-xp 00000000 08:01 731021     /usr/lib/locale/en_CA.utf8/LC_MEASUREMENT
7cde5000-7ce0c000 r-xs 00122000 08:11 15693      /media/My Passport/Jacek/Dev/javabuilders/org.javabuilders.gtk/lib/gtk-4.0.jar
7ce0c000-7ce0f000 r-xs 00129000 08:11 1341       /media/My Passport/Jacek/Dev/javabuilders/AudioLord/lib/sqlitejdbc-v054-pure.jar
7ce0f000-7ce11000 r-xs 00001000 08:11 147824     /media/My Passport/Jacek/Dev/javabuilders/AudioLord/lib/slf4j-jdk14-1.5.6.jar
7ce11000-7ce13000 r-xs 00004000 08:11 147823     /media/My Passport/Jacek/Dev/javabuilders/AudioLord/lib/slf4j-api-1.5.6.jar
7ce13000-7ce1d000 r-xs 00107000 08:11 147818     /media/My Passport/Jacek/Dev/javabuilders/AudioLord/lib/h2-1.1.104.jar
7ce1d000-7ce29000 r-xs 000a9000 08:11 147819     /media/My Passport/Jacek/Dev/javabuilders/AudioLord/lib/jaudiotagger.jar
7ce29000-7ce2e000 r-xs 00026000 08:11 147414     /media/My Passport/Jacek/Dev/javabuilders/org.javabuilders.core/lib/jvyaml.jar
7ce2e000-7ce31000 r-xs 0001a000 08:01 3047489    /home/jacek/Dev/Java/IDE/eclipse/plugins/org.junit4_4.3.1/junit.jar
7ce31000-7ce33000 r-xs 0000e000 08:11 147413     /media/My Passport/Jacek/Dev/javabuilders/org.javabuilders.core/lib/jakarta-oro-2.0.8.jar
7ce33000-7ce34000 ---p 7ce33000 00:00 0 
7ce34000-7ceb4000 rwxp 7ce34000 00:00 0 
7ceb4000-7ceb7000 ---p 7ceb4000 00:00 0 
7ceb7000-7cf05000 rwxp 7ceb7000 00:00 0 
7cf05000-7cf08000 ---p 7cf05000 00:00 0 
7cf08000-7cf86000 rwxp 7cf08000 00:00 0 
7cf86000-7cf89000 ---p 7cf86000 00:00 0 
7cf89000-7d007000 rwxp 7cf89000 00:00 0 
7d007000-7d00a000 ---p 7d007000 00:00 0 
7d00a000-7d058000 rwxp 7d00a000 00:00 0 
7d058000-7d05f000 r-xs 00000000 08:01 3629382    /usr/lib/gconv/gconv-modules.cache
7d05f000-7d09e000 r-xp 00000000 08:01 729539     /usr/lib/locale/en_CA.utf8/LC_CTYPE
7d09e000-7d0a1000 ---p 7d09e000 00:00 0 
7d0a1000-7d0ef000 rwxp 7d0a1000 00:00 0 
7d0ef000-7d0f2000 ---p 7d0ef000 00:00 0 
7d0f2000-7d140000 rwxp 7d0f2000 00:00 0 
7d140000-7d141000 ---p 7d140000 00:00 0 
7d141000-7d1f4000 rwxp 7d141000 00:00 0 
7d1f4000-7d386000 r-xs 02f2c000 08:01 2703684    /home/jacek/Dev/Java/JDK/jdk1.6.0_12/jre/lib/rt.jar
7d386000-7d387000 ---p 7d386000 00:00 0 
7d387000-7d407000 rwxp 7d387000 00:00 0 
7d407000-7d408000 ---p 7d407000 00:00 0 
7d408000-7d490000 rwxp 7d408000 00:00 0 
7d490000-7d4a8000 rwxp 7d490000 00:00 0 
7d4a8000-7d4bf000 rwxp 7d4a8000 00:00 0 
7d4bf000-7d615000 rwxp 7d4bf000 00:00 0 
7d615000-7d61d000 rwxp 7d615000 00:00 0 
7d61d000-7d635000 rwxp 7d61d000 00:00 0 
7d635000-7d64c000 rwxp 7d635000 00:00 0 
7d64c000-7d7a1000 rwxp 7d64c000 00:00 0 
7d7a1000-7d7a7000 rwxp 7d7a1000 00:00 0 
7d7a7000-7d7cf000 rwxp 7d7a7000 00:00 0 
7d7cf000-7e7d0000 rwxp 7d7cf000 00:00 0 
7e7d0000-817d0000 rwxp 7e7d0000 00:00 0 
817d0000-84550000 rwxp 817d0000 00:00 0 
84550000-af0c0000 rwxp 84550000 00:00 0 
af0c0000-afac0000 rwxp af0c0000 00:00 0 
afac0000-b4bd0000 rwxp afac0000 00:00 0 
b4bd0000-b4bd9000 rwxp b4bd0000 00:00 0 
b4bd9000-b4c90000 rwxp b4bd9000 00:00 0 
b4c90000-b4ed0000 rwxp b4c90000 00:00 0 
b4ed0000-b7c90000 rwxp b4ed0000 00:00 0 
b7c90000-b7c9f000 r-xp 00000000 08:01 2703601    /home/jacek/Dev/Java/JDK/jdk1.6.0_12/jre/lib/i386/libzip.so
b7c9f000-b7ca1000 rwxp 0000e000 08:01 2703601    /home/jacek/Dev/Java/JDK/jdk1.6.0_12/jre/lib/i386/libzip.so
b7ca1000-b7cc4000 r-xp 00000000 08:01 2703599    /home/jacek/Dev/Java/JDK/jdk1.6.0_12/jre/lib/i386/libjava.so
b7cc4000-b7cc6000 rwxp 00023000 08:01 2703599    /home/jacek/Dev/Java/JDK/jdk1.6.0_12/jre/lib/i386/libjava.so
b7cc6000-b7cd0000 r-xp 00000000 08:01 4039309    /lib/tls/i686/cmov/libnss_files-2.9.so
b7cd0000-b7cd1000 r-xp 00009000 08:01 4039309    /lib/tls/i686/cmov/libnss_files-2.9.so
b7cd1000-b7cd2000 rwxp 0000a000 08:01 4039309    /lib/tls/i686/cmov/libnss_files-2.9.so
b7cd2000-b7cdb000 r-xp 00000000 08:01 4039311    /lib/tls/i686/cmov/libnss_nis-2.9.so
b7cdb000-b7cdc000 r-xp 00008000 08:01 4039311    /lib/tls/i686/cmov/libnss_nis-2.9.so
b7cdc000-b7cdd000 rwxp 00009000 08:01 4039311    /lib/tls/i686/cmov/libnss_nis-2.9.so
b7cdd000-b7cf2000 r-xp 00000000 08:01 4039306    /lib/tls/i686/cmov/libnsl-2.9.so
b7cf2000-b7cf3000 r-xp 00014000 08:01 4039306    /lib/tls/i686/cmov/libnsl-2.9.so
b7cf3000-b7cf4000 rwxp 00015000 08:01 4039306    /lib/tls/i686/cmov/libnsl-2.9.so
b7cf4000-b7cf6000 rwxp b7cf4000 00:00 0 
b7cf6000-b7cf7000 r-xp 00000000 08:01 729721     /usr/lib/locale/en_CA.utf8/LC_IDENTIFICATION
b7cf7000-b7cfa000 r-xs 0001f000 08:11 147412     /media/My Passport/Jacek/Dev/javabuilders/org.javabuilders.core/lib/commons-validator-1.3.1.jar
b7cfa000-b7d05000 r-xp 00000000 08:01 2703598    /home/jacek/Dev/Java/JDK/jdk1.6.0_12/jre/lib/i386/libverify.so
b7d05000-b7d06000 rwxp 0000b000 08:01 2703598    /home/jacek/Dev/Java/JDK/jdk1.6.0_12/jre/lib/i386/libverify.so
b7d06000-b7d0e000 rwxs 00000000 08:01 1843362    /tmp/hsperfdata_jacek/3168
b7d0e000-b7d15000 r-xp 00000000 08:01 4039316    /lib/tls/i686/cmov/librt-2.9.so
b7d15000-b7d16000 r-xp 00006000 08:01 4039316    /lib/tls/i686/cmov/librt-2.9.so
b7d16000-b7d17000 rwxp 00007000 08:01 4039316    /lib/tls/i686/cmov/librt-2.9.so
b7d17000-b7d1a000 ---p b7d17000 00:00 0 
b7d1a000-b7d68000 rwxp b7d1a000 00:00 0 
b7d68000-b7d8c000 r-xp 00000000 08:01 4039304    /lib/tls/i686/cmov/libm-2.9.so
b7d8c000-b7d8d000 r-xp 00023000 08:01 4039304    /lib/tls/i686/cmov/libm-2.9.so
b7d8d000-b7d8e000 rwxp 00024000 08:01 4039304    /lib/tls/i686/cmov/libm-2.9.so
b7d8e000-b7d8f000 rwxp b7d8e000 00:00 0 
b7d8f000-b7eeb000 r-xp 00000000 08:01 4039300    /lib/tls/i686/cmov/libc-2.9.so
b7eeb000-b7eec000 ---p 0015c000 08:01 4039300    /lib/tls/i686/cmov/libc-2.9.so
b7eec000-b7eee000 r-xp 0015c000 08:01 4039300    /lib/tls/i686/cmov/libc-2.9.so
b7eee000-b7eef000 rwxp 0015e000 08:01 4039300    /lib/tls/i686/cmov/libc-2.9.so
b7eef000-b7ef2000 rwxp b7eef000 00:00 0 
b7ef2000-b7ef4000 r-xp 00000000 08:01 4039303    /lib/tls/i686/cmov/libdl-2.9.so
b7ef4000-b7ef5000 r-xp 00001000 08:01 4039303    /lib/tls/i686/cmov/libdl-2.9.so
b7ef5000-b7ef6000 rwxp 00002000 08:01 4039303    /lib/tls/i686/cmov/libdl-2.9.so
b7ef6000-b7efd000 r-xp 00000000 08:01 2711554    /home/jacek/Dev/Java/JDK/jdk1.6.0_12/jre/lib/i386/jli/libjli.so
b7efd000-b7eff000 rwxp 00006000 08:01 2711554    /home/jacek/Dev/Java/JDK/jdk1.6.0_12/jre/lib/i386/jli/libjli.so
b7eff000-b7f14000 r-xp 00000000 08:01 4039314    /lib/tls/i686/cmov/libpthread-2.9.so
b7f14000-b7f15000 r-xp 00014000 08:01 4039314    /lib/tls/i686/cmov/libpthread-2.9.so
b7f15000-b7f16000 rwxp 00015000 08:01 4039314    /lib/tls/i686/cmov/libpthread-2.9.so
b7f16000-b7f19000 rwxp b7f16000 00:00 0 
b7f19000-b7f1a000 r-xs 00007000 08:11 147822     /media/My Passport/Jacek/Dev/javabuilders/AudioLord/lib/persist-1.1.jar
b7f1a000-b7f1b000 r-xs 0000c000 08:11 147411     /media/My Passport/Jacek/Dev/javabuilders/org.javabuilders.core/lib/commons-logging-1.1.jar
b7f1b000-b7f1f000 r-xs 00026000 08:11 147410     /media/My Passport/Jacek/Dev/javabuilders/org.javabuilders.core/lib/commons-beanutils-core.jar
b7f1f000-b7f26000 r-xp 00000000 08:01 4039307    /lib/tls/i686/cmov/libnss_compat-2.9.so
b7f26000-b7f27000 r-xp 00006000 08:01 4039307    /lib/tls/i686/cmov/libnss_compat-2.9.so
b7f27000-b7f28000 rwxp 00007000 08:01 4039307    /lib/tls/i686/cmov/libnss_compat-2.9.so
b7f28000-b7f2e000 r-xp 00000000 08:01 2703585    /home/jacek/Dev/Java/JDK/jdk1.6.0_12/jre/lib/i386/native_threads/libhpi.so
b7f2e000-b7f2f000 rwxp 00006000 08:01 2703585    /home/jacek/Dev/Java/JDK/jdk1.6.0_12/jre/lib/i386/native_threads/libhpi.so
b7f2f000-b7f30000 rwxp b7f2f000 00:00 0 
b7f30000-b7f31000 r-xp b7f30000 00:00 0 
b7f31000-b7f33000 rwxp b7f31000 00:00 0 
b7f33000-b7f34000 r-xp b7f33000 00:00 0          [vdso]
b7f34000-b7f50000 r-xp 00000000 08:01 4022295    /lib/ld-2.9.so
b7f50000-b7f51000 r-xp 0001b000 08:01 4022295    /lib/ld-2.9.so
b7f51000-b7f52000 rwxp 0001c000 08:01 4022295    /lib/ld-2.9.so
bff3d000-bff52000 rwxp bffeb000 00:00 0          [stack]

VM Arguments:
jvm_args: -Djava.library.path=/media/My Passport/Jacek/Dev/javabuilders/org.javabuilders.gtk/lib -Dfile.encoding=UTF-8 
java_command: org.audiolord.AudioLord
Launcher Type: SUN_STANDARD

Environment Variables:
PATH=/usr/local/sbin:/usr/local/bin:/usr/sbin:/usr/bin:/sbin:/bin:/usr/games
USERNAME=jacek
LD_LIBRARY_PATH=/home/jacek/Dev/Java/JDK/jdk1.6.0_12/jre/lib/i386/server:/home/jacek/Dev/Java/JDK/jdk1.6.0_12/jre/lib/i386:/home/jacek/Dev/Java/JDK/jdk1.6.0_12/jre/../lib/i386:/usr/lib/jvm/java-6-openjdk/jre/lib/i386/client:/usr/lib/jvm/java-6-openjdk/jre/lib/i386:/usr/lib/xulrunner-addons:/usr/lib/xulrunner-addons
SHELL=/bin/bash
DISPLAY=:0.0

Signal Handlers:
SIGSEGV: [libjvm.so+0x6071f0], sa_mask[0]=0x7ffbfeff, sa_flags=0x10000004
SIGBUS: [libjvm.so+0x6071f0], sa_mask[0]=0x7ffbfeff, sa_flags=0x10000004
SIGFPE: [libjvm.so+0x5048b0], sa_mask[0]=0x7ffbfeff, sa_flags=0x10000004
SIGPIPE: [libjvm.so+0x5048b0], sa_mask[0]=0x7ffbfeff, sa_flags=0x10000004
SIGXFSZ: [libjvm.so+0x5048b0], sa_mask[0]=0x7ffbfeff, sa_flags=0x10000004
SIGILL: [libjvm.so+0x5048b0], sa_mask[0]=0x7ffbfeff, sa_flags=0x10000004
SIGUSR1: SIG_DFL, sa_mask[0]=0x00000000, sa_flags=0x00000000
SIGUSR2: [libjvm.so+0x506d80], sa_mask[0]=0x00000004, sa_flags=0x10000004
SIGHUP: [libjvm.so+0x506b20], sa_mask[0]=0x7ffbfeff, sa_flags=0x10000004
SIGINT: [libjvm.so+0x506b20], sa_mask[0]=0x7ffbfeff, sa_flags=0x10000004
SIGTERM: [libjvm.so+0x506b20], sa_mask[0]=0x7ffbfeff, sa_flags=0x10000004
SIGQUIT: [libjvm.so+0x506b20], sa_mask[0]=0x7ffbfeff, sa_flags=0x10000004


---------------  S Y S T E M  ---------------

OS:5.0

uname:Linux 2.6.28-11-generic #42-Ubuntu SMP Fri Apr 17 01:57:59 UTC 2009 i686
libc:glibc 2.9 NPTL 2.9 
rlimit: STACK 8192k, CORE 0k, NPROC infinity, NOFILE 1024, AS infinity
load average:0.19 0.13 0.11

CPU:total 2 (2 cores per cpu, 1 threads per core) family 6 model 7 stepping 10, cmov, cx8, fxsr, mmx, sse, sse2, sse3, ssse3

Memory: 4k page, physical 3353668k(183248k free), swap 3229024k(2924372k free)

vm_info: Java HotSpot(TM) Server VM (11.2-b01) for linux-x86 JRE (1.6.0_12-b04), built on Jan 17 2009 01:47:24 by "java_re" with gcc 3.2.1-7a (J2SE release)

time: Fri May 15 09:37:17 2009
elapsed time: 0 seconds

